INFO|Portfolio.Log|2013-02-14 15:35:46,906|Starting website Portfolio...
INFO|Portfolio.Log|2013-02-14 15:52:54,740|Starting website Portfolio...
INFO|Portfolio.Log|2013-02-14 15:54:34,483|Starting website Portfolio...
INFO|Portfolio.Log|2013-02-14 15:55:30,185|Starting website Portfolio...
DEBUG|Portfolio.Log|2013-02-14 15:55:37,396|Processing file: D:\dev\GitHub\portfolio\_posts\2011-09-02-un-article-exemple.markdown.md
DEBUG|Portfolio.Log|2013-02-14 15:55:37,398|Processing file: D:\dev\GitHub\portfolio\_posts\2011-09-15.article1.md
DEBUG|Portfolio.Log|2013-02-14 15:55:37,399|Processing file: D:\dev\GitHub\portfolio\_posts\2011-09-16.article2.md
INFO|Portfolio.Log|2013-02-14 15:57:52,851|Starting website Portfolio...
DEBUG|Portfolio.Log|2013-02-14 15:57:52,970|Source file location: ./_posts
INFO|Portfolio.Log|2013-02-14 15:57:52,972|Processing file: D:\dev\GitHub\portfolio\_posts\2011-09-02-un-article-exemple.markdown.md
INFO|Portfolio.Log|2013-02-14 15:58:08,635|Processing file: D:\dev\GitHub\portfolio\_posts\2011-09-15.article1.md
INFO|Portfolio.Log|2013-02-14 15:58:20,218|Processing file: D:\dev\GitHub\portfolio\_posts\2011-09-16.article2.md
INFO|Portfolio.Log|2013-02-14 16:09:40,251|Starting website Portfolio...
DEBUG|Portfolio.Log|2013-02-14 16:09:40,394|Source file location: ./_posts
INFO|Portfolio.Log|2013-02-14 16:09:40,395|Processing file: D:\dev\GitHub\portfolio\_posts\2011-09-02-un-article-exemple.markdown.md
ERROR|Portfolio.Log|2013-02-14 16:09:40,433|Exception ! Source : GenerateArticles.ReadMeta. System.IO.FileNotFoundException: Impossible de trouver le fichier 'C:\Program Files (x86)\IIS Express\2011-09-02-un-article-exemple.markdown.meta'.
Nom de fichier : 'C:\Program Files (x86)\IIS Express\2011-09-02-un-article-exemple.markdown.meta'
   à System.IO.__Error.WinIOError(Int32 errorCode, String maybeFullPath)
   à System.IO.FileStream.Init(String path, FileMode mode, FileAccess access, Int32 rights, Boolean useRights, FileShare share, Int32 bufferSize, FileOptions options, SECURITY_ATTRIBUTES secAttrs, String msgPath, Boolean bFromProxy, Boolean useLongPath, Boolean checkHost)
   à System.IO.FileStream..ctor(String path, FileMode mode, FileAccess access, FileShare share, Int32 bufferSize, FileOptions options, String msgPath, Boolean bFromProxy, Boolean useLongPath, Boolean checkHost)
   à System.IO.StreamReader..ctor(String path, Encoding encoding, Boolean detectEncodingFromByteOrderMarks, Int32 bufferSize, Boolean checkHost)
   à System.IO.File.InternalReadAllText(String path, Encoding encoding, Boolean checkHost)
   à System.IO.File.ReadAllText(String path)
   à Portfolio.ArticlesService.GenerateArticles(Controller controller) dans d:\dev\GitHub\portfolio\ArticlesService.cs:ligne 57
INFO|Portfolio.Log|2013-02-14 16:09:40,505|Processing file: D:\dev\GitHub\portfolio\_posts\2011-09-15.article1.md
ERROR|Portfolio.Log|2013-02-14 16:09:40,520|Exception ! Source : GenerateArticles.ReadMeta. System.IO.FileNotFoundException: Impossible de trouver le fichier 'C:\Program Files (x86)\IIS Express\2011-09-15.article1.meta'.
Nom de fichier : 'C:\Program Files (x86)\IIS Express\2011-09-15.article1.meta'
   à System.IO.__Error.WinIOError(Int32 errorCode, String maybeFullPath)
   à System.IO.FileStream.Init(String path, FileMode mode, FileAccess access, Int32 rights, Boolean useRights, FileShare share, Int32 bufferSize, FileOptions options, SECURITY_ATTRIBUTES secAttrs, String msgPath, Boolean bFromProxy, Boolean useLongPath, Boolean checkHost)
   à System.IO.FileStream..ctor(String path, FileMode mode, FileAccess access, FileShare share, Int32 bufferSize, FileOptions options, String msgPath, Boolean bFromProxy, Boolean useLongPath, Boolean checkHost)
   à System.IO.StreamReader..ctor(String path, Encoding encoding, Boolean detectEncodingFromByteOrderMarks, Int32 bufferSize, Boolean checkHost)
   à System.IO.File.InternalReadAllText(String path, Encoding encoding, Boolean checkHost)
   à System.IO.File.ReadAllText(String path)
   à Portfolio.ArticlesService.GenerateArticles(Controller controller) dans d:\dev\GitHub\portfolio\ArticlesService.cs:ligne 57
INFO|Portfolio.Log|2013-02-14 16:09:40,525|Processing file: D:\dev\GitHub\portfolio\_posts\2011-09-16.article2.md
ERROR|Portfolio.Log|2013-02-14 16:09:40,539|Exception ! Source : GenerateArticles.ReadMeta. System.IO.FileNotFoundException: Impossible de trouver le fichier 'C:\Program Files (x86)\IIS Express\2011-09-16.article2.meta'.
Nom de fichier : 'C:\Program Files (x86)\IIS Express\2011-09-16.article2.meta'
   à System.IO.__Error.WinIOError(Int32 errorCode, String maybeFullPath)
   à System.IO.FileStream.Init(String path, FileMode mode, FileAccess access, Int32 rights, Boolean useRights, FileShare share, Int32 bufferSize, FileOptions options, SECURITY_ATTRIBUTES secAttrs, String msgPath, Boolean bFromProxy, Boolean useLongPath, Boolean checkHost)
   à System.IO.FileStream..ctor(String path, FileMode mode, FileAccess access, FileShare share, Int32 bufferSize, FileOptions options, String msgPath, Boolean bFromProxy, Boolean useLongPath, Boolean checkHost)
   à System.IO.StreamReader..ctor(String path, Encoding encoding, Boolean detectEncodingFromByteOrderMarks, Int32 bufferSize, Boolean checkHost)
   à System.IO.File.InternalReadAllText(String path, Encoding encoding, Boolean checkHost)
   à System.IO.File.ReadAllText(String path)
   à Portfolio.ArticlesService.GenerateArticles(Controller controller) dans d:\dev\GitHub\portfolio\ArticlesService.cs:ligne 57
DEBUG|Portfolio.Log|2013-02-14 16:09:46,318|Source file location: ./_posts
INFO|Portfolio.Log|2013-02-14 16:09:46,320|Processing file: D:\dev\GitHub\portfolio\_posts\2011-09-02-un-article-exemple.markdown.md
ERROR|Portfolio.Log|2013-02-14 16:09:46,344|Exception ! Source : GenerateArticles.ReadMeta. System.IO.FileNotFoundException: Impossible de trouver le fichier 'C:\Program Files (x86)\IIS Express\2011-09-02-un-article-exemple.markdown.meta'.
Nom de fichier : 'C:\Program Files (x86)\IIS Express\2011-09-02-un-article-exemple.markdown.meta'
   à System.IO.__Error.WinIOError(Int32 errorCode, String maybeFullPath)
   à System.IO.FileStream.Init(String path, FileMode mode, FileAccess access, Int32 rights, Boolean useRights, FileShare share, Int32 bufferSize, FileOptions options, SECURITY_ATTRIBUTES secAttrs, String msgPath, Boolean bFromProxy, Boolean useLongPath, Boolean checkHost)
   à System.IO.FileStream..ctor(String path, FileMode mode, FileAccess access, FileShare share, Int32 bufferSize, FileOptions options, String msgPath, Boolean bFromProxy, Boolean useLongPath, Boolean checkHost)
   à System.IO.StreamReader..ctor(String path, Encoding encoding, Boolean detectEncodingFromByteOrderMarks, Int32 bufferSize, Boolean checkHost)
   à System.IO.File.InternalReadAllText(String path, Encoding encoding, Boolean checkHost)
   à System.IO.File.ReadAllText(String path)
   à Portfolio.ArticlesService.GenerateArticles(Controller controller) dans d:\dev\GitHub\portfolio\ArticlesService.cs:ligne 57
INFO|Portfolio.Log|2013-02-14 16:09:46,348|Processing file: D:\dev\GitHub\portfolio\_posts\2011-09-15.article1.md
ERROR|Portfolio.Log|2013-02-14 16:09:46,363|Exception ! Source : GenerateArticles.ReadMeta. System.IO.FileNotFoundException: Impossible de trouver le fichier 'C:\Program Files (x86)\IIS Express\2011-09-15.article1.meta'.
Nom de fichier : 'C:\Program Files (x86)\IIS Express\2011-09-15.article1.meta'
   à System.IO.__Error.WinIOError(Int32 errorCode, String maybeFullPath)
   à System.IO.FileStream.Init(String path, FileMode mode, FileAccess access, Int32 rights, Boolean useRights, FileShare share, Int32 bufferSize, FileOptions options, SECURITY_ATTRIBUTES secAttrs, String msgPath, Boolean bFromProxy, Boolean useLongPath, Boolean checkHost)
   à System.IO.FileStream..ctor(String path, FileMode mode, FileAccess access, FileShare share, Int32 bufferSize, FileOptions options, String msgPath, Boolean bFromProxy, Boolean useLongPath, Boolean checkHost)
   à System.IO.StreamReader..ctor(String path, Encoding encoding, Boolean detectEncodingFromByteOrderMarks, Int32 bufferSize, Boolean checkHost)
   à System.IO.File.InternalReadAllText(String path, Encoding encoding, Boolean checkHost)
   à System.IO.File.ReadAllText(String path)
   à Portfolio.ArticlesService.GenerateArticles(Controller controller) dans d:\dev\GitHub\portfolio\ArticlesService.cs:ligne 57
INFO|Portfolio.Log|2013-02-14 16:09:46,367|Processing file: D:\dev\GitHub\portfolio\_posts\2011-09-16.article2.md
ERROR|Portfolio.Log|2013-02-14 16:09:46,381|Exception ! Source : GenerateArticles.ReadMeta. System.IO.FileNotFoundException: Impossible de trouver le fichier 'C:\Program Files (x86)\IIS Express\2011-09-16.article2.meta'.
Nom de fichier : 'C:\Program Files (x86)\IIS Express\2011-09-16.article2.meta'
   à System.IO.__Error.WinIOError(Int32 errorCode, String maybeFullPath)
   à System.IO.FileStream.Init(String path, FileMode mode, FileAccess access, Int32 rights, Boolean useRights, FileShare share, Int32 bufferSize, FileOptions options, SECURITY_ATTRIBUTES secAttrs, String msgPath, Boolean bFromProxy, Boolean useLongPath, Boolean checkHost)
   à System.IO.FileStream..ctor(String path, FileMode mode, FileAccess access, FileShare share, Int32 bufferSize, FileOptions options, String msgPath, Boolean bFromProxy, Boolean useLongPath, Boolean checkHost)
   à System.IO.StreamReader..ctor(String path, Encoding encoding, Boolean detectEncodingFromByteOrderMarks, Int32 bufferSize, Boolean checkHost)
   à System.IO.File.InternalReadAllText(String path, Encoding encoding, Boolean checkHost)
   à System.IO.File.ReadAllText(String path)
   à Portfolio.ArticlesService.GenerateArticles(Controller controller) dans d:\dev\GitHub\portfolio\ArticlesService.cs:ligne 57
DEBUG|Portfolio.Log|2013-02-14 16:10:00,495|Source file location: ./_posts
INFO|Portfolio.Log|2013-02-14 16:10:01,658|Processing file: D:\dev\GitHub\portfolio\_posts\2011-09-02-un-article-exemple.markdown.md
ERROR|Portfolio.Log|2013-02-14 16:10:27,127|Exception ! Source : GenerateArticles.ReadMeta. System.IO.FileNotFoundException: Impossible de trouver le fichier 'C:\Program Files (x86)\IIS Express\2011-09-02-un-article-exemple.markdown.meta'.
Nom de fichier : 'C:\Program Files (x86)\IIS Express\2011-09-02-un-article-exemple.markdown.meta'
   à System.IO.__Error.WinIOError(Int32 errorCode, String maybeFullPath)
   à System.IO.FileStream.Init(String path, FileMode mode, FileAccess access, Int32 rights, Boolean useRights, FileShare share, Int32 bufferSize, FileOptions options, SECURITY_ATTRIBUTES secAttrs, String msgPath, Boolean bFromProxy, Boolean useLongPath, Boolean checkHost)
   à System.IO.FileStream..ctor(String path, FileMode mode, FileAccess access, FileShare share, Int32 bufferSize, FileOptions options, String msgPath, Boolean bFromProxy, Boolean useLongPath, Boolean checkHost)
   à System.IO.StreamReader..ctor(String path, Encoding encoding, Boolean detectEncodingFromByteOrderMarks, Int32 bufferSize, Boolean checkHost)
   à System.IO.File.InternalReadAllText(String path, Encoding encoding, Boolean checkHost)
   à System.IO.File.ReadAllText(String path)
   à Portfolio.ArticlesService.GenerateArticles(Controller controller) dans d:\dev\GitHub\portfolio\ArticlesService.cs:ligne 57
INFO|Portfolio.Log|2013-02-14 16:10:27,130|Processing file: D:\dev\GitHub\portfolio\_posts\2011-09-15.article1.md
ERROR|Portfolio.Log|2013-02-14 16:10:27,131|Exception ! Source : GenerateArticles.ReadMeta. System.IO.FileNotFoundException: Impossible de trouver le fichier 'C:\Program Files (x86)\IIS Express\2011-09-15.article1.meta'.
Nom de fichier : 'C:\Program Files (x86)\IIS Express\2011-09-15.article1.meta'
   à System.IO.__Error.WinIOError(Int32 errorCode, String maybeFullPath)
   à System.IO.FileStream.Init(String path, FileMode mode, FileAccess access, Int32 rights, Boolean useRights, FileShare share, Int32 bufferSize, FileOptions options, SECURITY_ATTRIBUTES secAttrs, String msgPath, Boolean bFromProxy, Boolean useLongPath, Boolean checkHost)
   à System.IO.FileStream..ctor(String path, FileMode mode, FileAccess access, FileShare share, Int32 bufferSize, FileOptions options, String msgPath, Boolean bFromProxy, Boolean useLongPath, Boolean checkHost)
   à System.IO.StreamReader..ctor(String path, Encoding encoding, Boolean detectEncodingFromByteOrderMarks, Int32 bufferSize, Boolean checkHost)
   à System.IO.File.InternalReadAllText(String path, Encoding encoding, Boolean checkHost)
   à System.IO.File.ReadAllText(String path)
   à Portfolio.ArticlesService.GenerateArticles(Controller controller) dans d:\dev\GitHub\portfolio\ArticlesService.cs:ligne 57
INFO|Portfolio.Log|2013-02-14 16:10:27,134|Processing file: D:\dev\GitHub\portfolio\_posts\2011-09-16.article2.md
ERROR|Portfolio.Log|2013-02-14 16:10:27,134|Exception ! Source : GenerateArticles.ReadMeta. System.IO.FileNotFoundException: Impossible de trouver le fichier 'C:\Program Files (x86)\IIS Express\2011-09-16.article2.meta'.
Nom de fichier : 'C:\Program Files (x86)\IIS Express\2011-09-16.article2.meta'
   à System.IO.__Error.WinIOError(Int32 errorCode, String maybeFullPath)
   à System.IO.FileStream.Init(String path, FileMode mode, FileAccess access, Int32 rights, Boolean useRights, FileShare share, Int32 bufferSize, FileOptions options, SECURITY_ATTRIBUTES secAttrs, String msgPath, Boolean bFromProxy, Boolean useLongPath, Boolean checkHost)
   à System.IO.FileStream..ctor(String path, FileMode mode, FileAccess access, FileShare share, Int32 bufferSize, FileOptions options, String msgPath, Boolean bFromProxy, Boolean useLongPath, Boolean checkHost)
   à System.IO.StreamReader..ctor(String path, Encoding encoding, Boolean detectEncodingFromByteOrderMarks, Int32 bufferSize, Boolean checkHost)
   à System.IO.File.InternalReadAllText(String path, Encoding encoding, Boolean checkHost)
   à System.IO.File.ReadAllText(String path)
   à Portfolio.ArticlesService.GenerateArticles(Controller controller) dans d:\dev\GitHub\portfolio\ArticlesService.cs:ligne 57
INFO|Portfolio.Log|2013-02-14 16:10:33,435|Starting website Portfolio...
DEBUG|Portfolio.Log|2013-02-14 16:10:33,580|Source file location: ./_posts
INFO|Portfolio.Log|2013-02-14 16:10:36,362|Processing file: D:\dev\GitHub\portfolio\_posts\2011-09-02-un-article-exemple.markdown.md
ERROR|Portfolio.Log|2013-02-14 16:11:39,746|Exception ! Source : GenerateArticles.ReadMeta. Newtonsoft.Json.JsonReaderException: Invalid character after parsing property name. Expected ':' but got: t. Path 'tags', line 7, position 15.
   à Newtonsoft.Json.JsonTextReader.ParseProperty()
   à Newtonsoft.Json.JsonTextReader.ParseObject()
   à Newtonsoft.Json.JsonTextReader.ReadInternal()
   à Newtonsoft.Json.JsonTextReader.Read()
   à Newtonsoft.Json.Linq.JContainer.ReadContentFrom(JsonReader r)
   à Newtonsoft.Json.Linq.JContainer.ReadTokenFrom(JsonReader reader)
   à Newtonsoft.Json.Linq.JObject.Load(JsonReader reader)
   à Newtonsoft.Json.Linq.JObject.Parse(String json)
   à Portfolio.ArticlesService.GenerateArticles(Controller controller) dans d:\dev\GitHub\portfolio\ArticlesService.cs:ligne 59
INFO|Portfolio.Log|2013-02-14 16:11:39,822|Processing file: D:\dev\GitHub\portfolio\_posts\2011-09-15.article1.md
INFO|Portfolio.Log|2013-02-14 16:12:15,185|Processing file: D:\dev\GitHub\portfolio\_posts\2011-09-16.article2.md
INFO|Portfolio.Log|2013-02-14 16:13:56,928|Starting website Portfolio...
INFO|Portfolio.Log|2013-02-14 16:14:06,720|Starting website Portfolio...
DEBUG|Portfolio.Log|2013-02-14 16:14:07,971|Source file location: ./_posts
INFO|Portfolio.Log|2013-02-14 16:14:07,974|Processing file: D:\dev\GitHub\portfolio\_posts\2011-09-02-un-article-exemple.markdown.md
ERROR|Portfolio.Log|2013-02-14 16:14:18,394|Exception ! Source : GenerateArticles.ReadMeta. System.FormatException: La chaîne n'a pas été reconnue en tant que DateTime valide.
   à System.DateTimeParse.Parse(String s, DateTimeFormatInfo dtfi, DateTimeStyles styles)
   à System.DateTime.Parse(String s)
   à Portfolio.ArticlesService.GenerateArticles(Controller controller) dans d:\dev\GitHub\portfolio\ArticlesService.cs:ligne 66
INFO|Portfolio.Log|2013-02-14 16:14:18,466|Processing file: D:\dev\GitHub\portfolio\_posts\2011-09-15.article1.md
ERROR|Portfolio.Log|2013-02-14 16:14:28,448|Exception ! Source : GenerateArticles.ReadMeta. System.FormatException: La chaîne n'a pas été reconnue en tant que DateTime valide.
   à System.DateTimeParse.Parse(String s, DateTimeFormatInfo dtfi, DateTimeStyles styles)
   à System.DateTime.Parse(String s)
   à Portfolio.ArticlesService.GenerateArticles(Controller controller) dans d:\dev\GitHub\portfolio\ArticlesService.cs:ligne 66
INFO|Portfolio.Log|2013-02-14 16:14:28,452|Processing file: D:\dev\GitHub\portfolio\_posts\2011-09-16.article2.md
ERROR|Portfolio.Log|2013-02-14 16:14:28,453|Exception ! Source : GenerateArticles.ReadMeta. System.FormatException: La chaîne n'a pas été reconnue en tant que DateTime valide.
   à System.DateTimeParse.Parse(String s, DateTimeFormatInfo dtfi, DateTimeStyles styles)
   à System.DateTime.Parse(String s)
   à Portfolio.ArticlesService.GenerateArticles(Controller controller) dans d:\dev\GitHub\portfolio\ArticlesService.cs:ligne 66
INFO|Portfolio.Log|2013-02-14 16:14:49,730|Starting website Portfolio...
DEBUG|Portfolio.Log|2013-02-14 16:14:49,870|Source file location: ./_posts
INFO|Portfolio.Log|2013-02-14 16:14:49,872|Processing file: D:\dev\GitHub\portfolio\_posts\2011-09-02-un-article-exemple.markdown.md
ERROR|Portfolio.Log|2013-02-14 16:14:58,023|Exception ! Source : GenerateArticles.ReadMeta. System.FormatException: La chaîne n'a pas été reconnue en tant que DateTime valide.
   à System.DateTimeParse.Parse(String s, DateTimeFormatInfo dtfi, DateTimeStyles styles)
   à System.DateTime.Parse(String s, IFormatProvider provider)
   à Portfolio.ArticlesService.GenerateArticles(Controller controller) dans d:\dev\GitHub\portfolio\ArticlesService.cs:ligne 67
INFO|Portfolio.Log|2013-02-14 16:14:58,105|Processing file: D:\dev\GitHub\portfolio\_posts\2011-09-15.article1.md
INFO|Portfolio.Log|2013-02-14 16:15:48,569|Starting website Portfolio...
DEBUG|Portfolio.Log|2013-02-14 16:15:48,907|Source file location: ./_posts
INFO|Portfolio.Log|2013-02-14 16:15:48,909|Processing file: D:\dev\GitHub\portfolio\_posts\2011-09-02-un-article-exemple.markdown.md
ERROR|Portfolio.Log|2013-02-14 16:15:58,394|Exception ! Source : GenerateArticles.ReadMeta. System.FormatException: La chaîne n'a pas été reconnue en tant que DateTime valide.
   à System.DateTimeParse.Parse(String s, DateTimeFormatInfo dtfi, DateTimeStyles styles)
   à System.DateTime.Parse(String s, IFormatProvider provider)
   à Portfolio.ArticlesService.GenerateArticles(Controller controller) dans d:\dev\GitHub\portfolio\ArticlesService.cs:ligne 67
INFO|Portfolio.Log|2013-02-14 16:15:58,464|Processing file: D:\dev\GitHub\portfolio\_posts\2011-09-15.article1.md
ERROR|Portfolio.Log|2013-02-14 16:15:58,464|Exception ! Source : GenerateArticles.ReadMeta. System.FormatException: La chaîne n'a pas été reconnue en tant que DateTime valide.
   à System.DateTimeParse.Parse(String s, DateTimeFormatInfo dtfi, DateTimeStyles styles)
   à System.DateTime.Parse(String s, IFormatProvider provider)
   à Portfolio.ArticlesService.GenerateArticles(Controller controller) dans d:\dev\GitHub\portfolio\ArticlesService.cs:ligne 67
INFO|Portfolio.Log|2013-02-14 16:15:58,468|Processing file: D:\dev\GitHub\portfolio\_posts\2011-09-16.article2.md
ERROR|Portfolio.Log|2013-02-14 16:15:58,468|Exception ! Source : GenerateArticles.ReadMeta. System.FormatException: La chaîne n'a pas été reconnue en tant que DateTime valide.
   à System.DateTimeParse.Parse(String s, DateTimeFormatInfo dtfi, DateTimeStyles styles)
   à System.DateTime.Parse(String s, IFormatProvider provider)
   à Portfolio.ArticlesService.GenerateArticles(Controller controller) dans d:\dev\GitHub\portfolio\ArticlesService.cs:ligne 67
DEBUG|Portfolio.Log|2013-02-14 16:16:26,008|Source file location: ./_posts
INFO|Portfolio.Log|2013-02-14 16:16:26,009|Processing file: D:\dev\GitHub\portfolio\_posts\2011-09-02-un-article-exemple.markdown.md
INFO|Portfolio.Log|2013-02-14 16:16:28,865|Processing file: D:\dev\GitHub\portfolio\_posts\2011-09-15.article1.md
INFO|Portfolio.Log|2013-02-14 16:16:28,874|Processing file: D:\dev\GitHub\portfolio\_posts\2011-09-16.article2.md
ERROR|Portfolio.Log|2013-02-14 16:16:28,897|Exception ! Source : GenerateArticles.ReadMeta. System.FormatException: La chaîne n'a pas été reconnue en tant que DateTime valide.
   à System.DateTimeParse.Parse(String s, DateTimeFormatInfo dtfi, DateTimeStyles styles)
   à System.DateTime.Parse(String s, IFormatProvider provider)
   à Portfolio.ArticlesService.GenerateArticles(Controller controller) dans d:\dev\GitHub\portfolio\ArticlesService.cs:ligne 67
INFO|Portfolio.Log|2013-02-14 16:24:58,888|Starting website Portfolio...
DEBUG|Portfolio.Log|2013-02-14 16:24:59,257|Source file location: ./_posts
INFO|Portfolio.Log|2013-02-14 16:24:59,259|Processing file: D:\dev\GitHub\portfolio\_posts\2011-09-02-un-article-exemple.markdown.md
INFO|Portfolio.Log|2013-02-14 16:24:59,345|Processing file: D:\dev\GitHub\portfolio\_posts\2011-09-15.article1.md
INFO|Portfolio.Log|2013-02-14 16:24:59,350|Processing file: D:\dev\GitHub\portfolio\_posts\2011-09-16.article2.md
INFO|Portfolio.Log|2013-02-14 16:26:08,594|Starting website Portfolio...
DEBUG|Portfolio.Log|2013-02-14 16:26:08,694|Source file location: ./_posts
INFO|Portfolio.Log|2013-02-14 16:26:08,695|Processing file: D:\dev\GitHub\portfolio\_posts\2011-09-02-un-article-exemple.markdown.md
INFO|Portfolio.Log|2013-02-14 16:26:08,791|Processing file: D:\dev\GitHub\portfolio\_posts\2011-09-15.article1.md
INFO|Portfolio.Log|2013-02-14 16:26:08,795|Processing file: D:\dev\GitHub\portfolio\_posts\2011-09-16.article2.md
INFO|Portfolio.Log|2013-02-14 16:27:30,214|Starting website Portfolio...
DEBUG|Portfolio.Log|2013-02-14 16:27:30,309|Source file location: ./_posts
INFO|Portfolio.Log|2013-02-14 16:27:30,310|Processing file: D:\dev\GitHub\portfolio\_posts\2011-09-02-un-article-exemple.markdown.md
INFO|Portfolio.Log|2013-02-14 16:27:30,398|Processing file: D:\dev\GitHub\portfolio\_posts\2011-09-15.article1.md
INFO|Portfolio.Log|2013-02-14 16:27:30,402|Processing file: D:\dev\GitHub\portfolio\_posts\2011-09-16.article2.md
DEBUG|Portfolio.Log|2013-02-14 16:27:48,648|Source file location: ./_posts
INFO|Portfolio.Log|2013-02-14 16:27:48,649|Processing file: D:\dev\GitHub\portfolio\_posts\2011-09-02-un-article-exemple.markdown.md
INFO|Portfolio.Log|2013-02-14 16:27:48,653|Processing file: D:\dev\GitHub\portfolio\_posts\2011-09-15.article1.md
INFO|Portfolio.Log|2013-02-14 16:27:48,658|Processing file: D:\dev\GitHub\portfolio\_posts\2011-09-16.article2.md
INFO|Portfolio.Log|2013-02-14 16:43:21,768|Starting website Portfolio...
DEBUG|Portfolio.Log|2013-02-14 16:43:21,934|Source file location: ./_posts
INFO|Portfolio.Log|2013-02-14 16:43:21,936|Processing file: D:\dev\GitHub\portfolio\_posts\2011-09-02-un-article-exemple.markdown.md
INFO|Portfolio.Log|2013-02-14 16:43:22,028|Processing file: D:\dev\GitHub\portfolio\_posts\2011-09-15.article1.md
INFO|Portfolio.Log|2013-02-14 16:43:22,032|Processing file: D:\dev\GitHub\portfolio\_posts\2011-09-16.article2.md
INFO|Portfolio.Log|2013-02-14 16:46:47,301|Starting website Portfolio...
DEBUG|Portfolio.Log|2013-02-14 16:46:47,397|Source file location: ./_posts
INFO|Portfolio.Log|2013-02-14 16:46:47,398|Processing file: D:\dev\GitHub\portfolio\_posts\2011-09-02-un-article-exemple.markdown.md
INFO|Portfolio.Log|2013-02-14 16:46:47,493|Processing file: D:\dev\GitHub\portfolio\_posts\2011-09-15.article1.md
INFO|Portfolio.Log|2013-02-14 16:46:47,496|Processing file: D:\dev\GitHub\portfolio\_posts\2011-09-16.article2.md
INFO|Portfolio.Log|2013-02-14 16:46:51,341|Starting website Portfolio...
DEBUG|Portfolio.Log|2013-02-14 16:46:51,439|Source file location: ./_posts
INFO|Portfolio.Log|2013-02-14 16:46:51,439|Processing file: D:\dev\GitHub\portfolio\_posts\2011-09-02-un-article-exemple.markdown.md
INFO|Portfolio.Log|2013-02-14 16:46:51,530|Processing file: D:\dev\GitHub\portfolio\_posts\2011-09-15.article1.md
INFO|Portfolio.Log|2013-02-14 16:46:51,534|Processing file: D:\dev\GitHub\portfolio\_posts\2011-09-16.article2.md
INFO|Portfolio.Log|2013-02-14 16:48:32,671|Starting website Portfolio...
DEBUG|Portfolio.Log|2013-02-14 16:48:32,768|Source file location: ./_posts
INFO|Portfolio.Log|2013-02-14 16:48:32,768|Processing file: D:\dev\GitHub\portfolio\_posts\2011-09-02-un-article-exemple.markdown.md
INFO|Portfolio.Log|2013-02-14 16:48:32,860|Processing file: D:\dev\GitHub\portfolio\_posts\2011-09-15.article1.md
INFO|Portfolio.Log|2013-02-14 16:48:32,863|Processing file: D:\dev\GitHub\portfolio\_posts\2011-09-16.article2.md
INFO|Portfolio.Log|2013-02-14 16:49:45,513|Starting website Portfolio...
DEBUG|Portfolio.Log|2013-02-14 16:49:45,658|Source file location: ./_posts
INFO|Portfolio.Log|2013-02-14 16:49:45,660|Processing file: D:\dev\GitHub\portfolio\_posts\2011-09-02-un-article-exemple.markdown.md
DEBUG|Portfolio.Log|2013-02-14 16:49:47,052|Source file location: ./_posts
ERROR|Portfolio.Log|2013-02-14 16:49:47,080|Exception ! Source : GenerateArticles. System.IO.DirectoryNotFoundException: Impossible de trouver une partie du chemin d'accès 'D:\dev\GitHub\portfolio\Blog\_posts'.
   à System.IO.__Error.WinIOError(Int32 errorCode, String maybeFullPath)
   à System.IO.FileSystemEnumerableIterator`1.CommonInit()
   à System.IO.FileSystemEnumerableIterator`1..ctor(String path, String originalUserPath, String searchPattern, SearchOption searchOption, SearchResultHandler`1 resultHandler, Boolean checkHost)
   à System.IO.Directory.GetFiles(String path, String searchPattern)
   à Portfolio.ArticlesService.generateArticles(Controller controller) dans d:\dev\GitHub\portfolio\ArticlesService.cs:ligne 69
DEBUG|Portfolio.Log|2013-02-14 16:50:10,821|Source file location: ./_posts
ERROR|Portfolio.Log|2013-02-14 16:50:17,466|Exception ! Source : GenerateArticles. System.IO.DirectoryNotFoundException: Impossible de trouver une partie du chemin d'accès 'D:\dev\GitHub\portfolio\Blog\_posts'.
   à System.IO.__Error.WinIOError(Int32 errorCode, String maybeFullPath)
   à System.IO.FileSystemEnumerableIterator`1.CommonInit()
   à System.IO.FileSystemEnumerableIterator`1..ctor(String path, String originalUserPath, String searchPattern, SearchOption searchOption, SearchResultHandler`1 resultHandler, Boolean checkHost)
   à System.IO.Directory.GetFiles(String path, String searchPattern)
   à Portfolio.ArticlesService.generateArticles(Controller controller) dans d:\dev\GitHub\portfolio\ArticlesService.cs:ligne 69
INFO|Portfolio.Log|2013-02-14 16:50:17,513|Processing file: D:\dev\GitHub\portfolio\_posts\2011-09-15.article1.md
INFO|Portfolio.Log|2013-02-14 16:50:17,517|Processing file: D:\dev\GitHub\portfolio\_posts\2011-09-16.article2.md
INFO|Portfolio.Log|2013-02-14 16:50:56,963|Starting website Portfolio...
DEBUG|Portfolio.Log|2013-02-14 16:50:57,106|Source file location: ~/_posts
INFO|Portfolio.Log|2013-02-14 16:50:57,108|Processing file: D:\dev\GitHub\portfolio\_posts\2011-09-02-un-article-exemple.markdown.md
INFO|Portfolio.Log|2013-02-14 16:50:57,193|Processing file: D:\dev\GitHub\portfolio\_posts\2011-09-15.article1.md
INFO|Portfolio.Log|2013-02-14 16:50:57,198|Processing file: D:\dev\GitHub\portfolio\_posts\2011-09-16.article2.md
INFO|Portfolio.Log|2013-02-14 16:52:27,486|Starting website Portfolio...
DEBUG|Portfolio.Log|2013-02-14 16:52:27,631|Source file location: ~/_posts
INFO|Portfolio.Log|2013-02-14 16:52:27,633|Processing file: D:\dev\GitHub\portfolio\_posts\2011-09-02-un-article-exemple.markdown.md
INFO|Portfolio.Log|2013-02-14 16:52:27,723|Processing file: D:\dev\GitHub\portfolio\_posts\2011-09-15.article1.md
INFO|Portfolio.Log|2013-02-14 16:52:27,727|Processing file: D:\dev\GitHub\portfolio\_posts\2011-09-16.article2.md
INFO|Portfolio.Log|2013-02-14 16:54:19,003|Starting website Portfolio...
DEBUG|Portfolio.Log|2013-02-14 16:54:19,104|Source file location: ~/_posts
INFO|Portfolio.Log|2013-02-14 16:54:19,105|Processing file: D:\dev\GitHub\portfolio\_posts\2011-09-02-un-article-exemple.markdown.md
INFO|Portfolio.Log|2013-02-14 16:54:19,197|Processing file: D:\dev\GitHub\portfolio\_posts\2011-09-15.article1.md
INFO|Portfolio.Log|2013-02-14 16:54:19,201|Processing file: D:\dev\GitHub\portfolio\_posts\2011-09-16.article2.md
INFO|Portfolio.Log|2013-02-14 16:58:28,143|Starting website Portfolio...
DEBUG|Portfolio.Log|2013-02-14 16:58:28,284|Demande Ajout Cache articles
INFO|Portfolio.Log|2013-02-14 16:58:28,289|Cache : Ajout élément "articles"
INFO|Portfolio.Log|2013-02-14 16:58:28,292|Cache : élement "articles" -> mise à jour
DEBUG|Portfolio.Log|2013-02-14 16:58:28,295|Source file location: ~/_posts
INFO|Portfolio.Log|2013-02-14 16:58:28,295|Processing file: D:\dev\GitHub\portfolio\_posts\2011-09-02-un-article-exemple.markdown.md
INFO|Portfolio.Log|2013-02-14 16:58:28,415|Processing file: D:\dev\GitHub\portfolio\_posts\2011-09-15.article1.md
INFO|Portfolio.Log|2013-02-14 16:58:28,419|Processing file: D:\dev\GitHub\portfolio\_posts\2011-09-16.article2.md
INFO|Portfolio.Log|2013-02-14 16:58:28,430|Cache : élement "articles" -> mise à jour terminée !
INFO|Portfolio.Log|2013-02-14 16:58:52,264|Starting website Portfolio...
DEBUG|Portfolio.Log|2013-02-14 16:58:52,386|Demande Ajout Cache articles
INFO|Portfolio.Log|2013-02-14 16:58:52,389|Cache : Ajout élément "articles"
INFO|Portfolio.Log|2013-02-14 16:58:52,391|Cache : élement "articles" -> mise à jour
DEBUG|Portfolio.Log|2013-02-14 16:58:52,393|Source file location: ~/_posts
INFO|Portfolio.Log|2013-02-14 16:58:52,393|Processing file: D:\dev\GitHub\portfolio\_posts\2011-09-02-un-article-exemple.markdown.md
INFO|Portfolio.Log|2013-02-14 16:58:52,496|Processing file: D:\dev\GitHub\portfolio\_posts\2011-09-15.article1.md
INFO|Portfolio.Log|2013-02-14 16:58:52,500|Processing file: D:\dev\GitHub\portfolio\_posts\2011-09-16.article2.md
INFO|Portfolio.Log|2013-02-14 16:58:52,512|Cache : élement "articles" -> mise à jour terminée !
INFO|Portfolio.Log|2013-02-14 16:59:06,041|Cache : élement "articles" -> mise à jour
DEBUG|Portfolio.Log|2013-02-14 16:59:06,042|Source file location: ~/_posts
INFO|Portfolio.Log|2013-02-14 16:59:06,042|Processing file: D:\dev\GitHub\portfolio\_posts\2011-09-02-un-article-exemple.markdown.md
ERROR|Portfolio.Log|2013-02-14 16:59:06,083|Exception ! Source : GenerateArticles. System.NullReferenceException: La référence d'objet n'est pas définie à une instance d'un objet.
   à System.Web.HttpServerVarsCollection.Get(String name)
   à System.Web.Mvc.UrlRewriterHelper.WasThisRequestRewritten(HttpContextBase httpContext)
   à System.Web.Mvc.UrlRewriterHelper.WasRequestRewritten(HttpContextBase httpContext)
   à System.Web.Mvc.PathHelpers.GenerateClientUrlInternal(HttpContextBase httpContext, String contentPath)
   à System.Web.Mvc.PathHelpers.GenerateClientUrl(HttpContextBase httpContext, String contentPath)
   à System.Web.Mvc.UrlHelper.GenerateUrl(String routeName, String actionName, String controllerName, RouteValueDictionary routeValues, RouteCollection routeCollection, RequestContext requestContext, Boolean includeImplicitMvcValues)
   à System.Web.Mvc.UrlHelper.GenerateUrl(String routeName, String actionName, String controllerName, String protocol, String hostName, String fragment, RouteValueDictionary routeValues, RouteCollection routeCollection, RequestContext requestContext, Boolean includeImplicitMvcValues)
   à System.Web.Mvc.UrlHelper.Action(String actionName, String controllerName, Object routeValues, String protocol)
   à Portfolio.ArticlesService.generateArticles(Controller controller) dans d:\dev\GitHub\portfolio\ArticlesService.cs:ligne 82
INFO|Portfolio.Log|2013-02-14 16:59:06,084|Cache : élement "articles" -> mise à jour terminée !
INFO|Portfolio.Log|2013-02-14 17:00:02,081|Starting website Portfolio...
DEBUG|Portfolio.Log|2013-02-14 17:00:03,166|Demande Ajout Cache articles
INFO|Portfolio.Log|2013-02-14 17:00:03,169|Cache : Ajout élément "articles"
INFO|Portfolio.Log|2013-02-14 17:00:03,171|Cache : élement "articles" -> mise à jour
DEBUG|Portfolio.Log|2013-02-14 17:00:03,172|Source file location: ~/_posts
INFO|Portfolio.Log|2013-02-14 17:00:03,173|Processing file: D:\dev\GitHub\portfolio\_posts\2011-09-02-un-article-exemple.markdown.md
INFO|Portfolio.Log|2013-02-14 17:00:03,267|Processing file: D:\dev\GitHub\portfolio\_posts\2011-09-15.article1.md
INFO|Portfolio.Log|2013-02-14 17:00:03,271|Processing file: D:\dev\GitHub\portfolio\_posts\2011-09-16.article2.md
INFO|Portfolio.Log|2013-02-14 17:00:03,281|Cache : élement "articles" -> mise à jour terminée !
INFO|Portfolio.Log|2013-02-14 17:00:06,867|Cache : élement "articles" -> mise à jour
DEBUG|Portfolio.Log|2013-02-14 17:00:06,868|Source file location: ~/_posts
INFO|Portfolio.Log|2013-02-14 17:00:06,868|Processing file: D:\dev\GitHub\portfolio\_posts\2011-09-02-un-article-exemple.markdown.md
ERROR|Portfolio.Log|2013-02-14 17:00:06,873|Exception ! Source : GenerateArticles. System.NullReferenceException: La référence d'objet n'est pas définie à une instance d'un objet.
   à System.Web.HttpServerVarsCollection.Get(String name)
   à System.Web.Mvc.UrlRewriterHelper.WasThisRequestRewritten(HttpContextBase httpContext)
   à System.Web.Mvc.UrlRewriterHelper.WasRequestRewritten(HttpContextBase httpContext)
   à System.Web.Mvc.PathHelpers.GenerateClientUrlInternal(HttpContextBase httpContext, String contentPath)
   à System.Web.Mvc.PathHelpers.GenerateClientUrl(HttpContextBase httpContext, String contentPath)
   à System.Web.Mvc.UrlHelper.GenerateUrl(String routeName, String actionName, String controllerName, RouteValueDictionary routeValues, RouteCollection routeCollection, RequestContext requestContext, Boolean includeImplicitMvcValues)
   à System.Web.Mvc.UrlHelper.GenerateUrl(String routeName, String actionName, String controllerName, String protocol, String hostName, String fragment, RouteValueDictionary routeValues, RouteCollection routeCollection, RequestContext requestContext, Boolean includeImplicitMvcValues)
   à System.Web.Mvc.UrlHelper.Action(String actionName, String controllerName, Object routeValues, String protocol)
   à Portfolio.ArticlesService.generateArticles(Controller controller) dans d:\dev\GitHub\portfolio\ArticlesService.cs:ligne 82
INFO|Portfolio.Log|2013-02-14 17:00:06,874|Cache : élement "articles" -> mise à jour terminée !
INFO|Portfolio.Log|2013-02-14 17:00:28,381|Cache : élement "articles" -> mise à jour
DEBUG|Portfolio.Log|2013-02-14 17:00:36,715|Source file location: ~/_posts
INFO|Portfolio.Log|2013-02-14 17:00:38,676|Processing file: D:\dev\GitHub\portfolio\_posts\2011-09-02-un-article-exemple.markdown.md
ERROR|Portfolio.Log|2013-02-14 17:00:47,332|Exception ! Source : GenerateArticles. System.NullReferenceException: La référence d'objet n'est pas définie à une instance d'un objet.
   à System.Web.HttpServerVarsCollection.Get(String name)
   à System.Web.Mvc.UrlRewriterHelper.WasThisRequestRewritten(HttpContextBase httpContext)
   à System.Web.Mvc.UrlRewriterHelper.WasRequestRewritten(HttpContextBase httpContext)
   à System.Web.Mvc.PathHelpers.GenerateClientUrlInternal(HttpContextBase httpContext, String contentPath)
   à System.Web.Mvc.PathHelpers.GenerateClientUrl(HttpContextBase httpContext, String contentPath)
   à System.Web.Mvc.UrlHelper.GenerateUrl(String routeName, String actionName, String controllerName, RouteValueDictionary routeValues, RouteCollection routeCollection, RequestContext requestContext, Boolean includeImplicitMvcValues)
   à System.Web.Mvc.UrlHelper.GenerateUrl(String routeName, String actionName, String controllerName, String protocol, String hostName, String fragment, RouteValueDictionary routeValues, RouteCollection routeCollection, RequestContext requestContext, Boolean includeImplicitMvcValues)
   à System.Web.Mvc.UrlHelper.Action(String actionName, String controllerName, Object routeValues, String protocol)
   à Portfolio.ArticlesService.generateArticles(Controller controller) dans d:\dev\GitHub\portfolio\ArticlesService.cs:ligne 82
INFO|Portfolio.Log|2013-02-14 17:00:47,334|Cache : élement "articles" -> mise à jour terminée !
INFO|Portfolio.Log|2013-02-14 17:01:02,693|Cache : élement "articles" -> mise à jour
DEBUG|Portfolio.Log|2013-02-14 17:01:06,074|Source file location: ~/_posts
INFO|Portfolio.Log|2013-02-14 17:01:08,010|Processing file: D:\dev\GitHub\portfolio\_posts\2011-09-02-un-article-exemple.markdown.md
ERROR|Portfolio.Log|2013-02-14 17:01:27,797|Exception ! Source : GenerateArticles. System.NullReferenceException: La référence d'objet n'est pas définie à une instance d'un objet.
   à System.Web.HttpServerVarsCollection.Get(String name)
   à System.Web.Mvc.UrlRewriterHelper.WasThisRequestRewritten(HttpContextBase httpContext)
   à System.Web.Mvc.UrlRewriterHelper.WasRequestRewritten(HttpContextBase httpContext)
   à System.Web.Mvc.PathHelpers.GenerateClientUrlInternal(HttpContextBase httpContext, String contentPath)
   à System.Web.Mvc.PathHelpers.GenerateClientUrl(HttpContextBase httpContext, String contentPath)
   à System.Web.Mvc.UrlHelper.GenerateUrl(String routeName, String actionName, String controllerName, RouteValueDictionary routeValues, RouteCollection routeCollection, RequestContext requestContext, Boolean includeImplicitMvcValues)
   à System.Web.Mvc.UrlHelper.GenerateUrl(String routeName, String actionName, String controllerName, String protocol, String hostName, String fragment, RouteValueDictionary routeValues, RouteCollection routeCollection, RequestContext requestContext, Boolean includeImplicitMvcValues)
   à System.Web.Mvc.UrlHelper.Action(String actionName, String controllerName, Object routeValues, String protocol)
   à Portfolio.ArticlesService.generateArticles(Controller controller) dans d:\dev\GitHub\portfolio\ArticlesService.cs:ligne 82
INFO|Portfolio.Log|2013-02-14 17:01:27,798|Cache : élement "articles" -> mise à jour terminée !
INFO|Portfolio.Log|2013-02-14 17:01:39,159|Starting website Portfolio...
DEBUG|Portfolio.Log|2013-02-14 17:01:42,022|Demande Ajout Cache articles
INFO|Portfolio.Log|2013-02-14 17:01:42,029|Cache : Ajout élément "articles"
INFO|Portfolio.Log|2013-02-14 17:01:42,033|Cache : élement "articles" -> mise à jour
DEBUG|Portfolio.Log|2013-02-14 17:01:44,664|Source file location: ~/_posts
INFO|Portfolio.Log|2013-02-14 17:01:46,792|Processing file: D:\dev\GitHub\portfolio\_posts\2011-09-02-un-article-exemple.markdown.md
INFO|Portfolio.Log|2013-02-14 17:02:09,550|Processing file: D:\dev\GitHub\portfolio\_posts\2011-09-15.article1.md
INFO|Portfolio.Log|2013-02-14 17:02:09,558|Processing file: D:\dev\GitHub\portfolio\_posts\2011-09-16.article2.md
INFO|Portfolio.Log|2013-02-14 17:02:09,579|Cache : élement "articles" -> mise à jour terminée !
INFO|Portfolio.Log|2013-02-14 17:02:21,592|Cache : élement "articles" -> mise à jour
DEBUG|Portfolio.Log|2013-02-14 17:02:23,939|Source file location: ~/_posts
INFO|Portfolio.Log|2013-02-14 17:02:27,552|Processing file: D:\dev\GitHub\portfolio\_posts\2011-09-02-un-article-exemple.markdown.md
ERROR|Portfolio.Log|2013-02-14 17:02:27,582|Exception ! Source : GenerateArticles. System.NullReferenceException: La référence d'objet n'est pas définie à une instance d'un objet.
   à System.Web.HttpServerVarsCollection.Get(String name)
   à System.Web.Mvc.UrlRewriterHelper.WasThisRequestRewritten(HttpContextBase httpContext)
   à System.Web.Mvc.UrlRewriterHelper.WasRequestRewritten(HttpContextBase httpContext)
   à System.Web.Mvc.PathHelpers.GenerateClientUrlInternal(HttpContextBase httpContext, String contentPath)
   à System.Web.Mvc.PathHelpers.GenerateClientUrl(HttpContextBase httpContext, String contentPath)
   à System.Web.Mvc.UrlHelper.GenerateUrl(String routeName, String actionName, String controllerName, RouteValueDictionary routeValues, RouteCollection routeCollection, RequestContext requestContext, Boolean includeImplicitMvcValues)
   à System.Web.Mvc.UrlHelper.GenerateUrl(String routeName, String actionName, String controllerName, String protocol, String hostName, String fragment, RouteValueDictionary routeValues, RouteCollection routeCollection, RequestContext requestContext, Boolean includeImplicitMvcValues)
   à System.Web.Mvc.UrlHelper.Action(String actionName, String controllerName, Object routeValues, String protocol)
   à Portfolio.ArticlesService.generateArticles(Controller controller) dans d:\dev\GitHub\portfolio\ArticlesService.cs:ligne 82
INFO|Portfolio.Log|2013-02-14 17:02:27,583|Cache : élement "articles" -> mise à jour terminée !
DEBUG|Portfolio.Log|2013-02-14 17:02:27,587|Aucune donnée récupérée dans le cache pour la clé "articles".
INFO|Portfolio.Log|2013-02-14 17:03:04,178|Starting website Portfolio...
DEBUG|Portfolio.Log|2013-02-14 17:03:04,278|Demande Ajout Cache articles
INFO|Portfolio.Log|2013-02-14 17:03:04,281|Cache : Ajout élément "articles"
INFO|Portfolio.Log|2013-02-14 17:03:04,283|Cache : élement "articles" -> mise à jour
DEBUG|Portfolio.Log|2013-02-14 17:03:04,284|Source file location: ~/_posts
INFO|Portfolio.Log|2013-02-14 17:03:04,285|Processing file: D:\dev\GitHub\portfolio\_posts\2011-09-02-un-article-exemple.markdown.md
INFO|Portfolio.Log|2013-02-14 17:03:04,378|Processing file: D:\dev\GitHub\portfolio\_posts\2011-09-15.article1.md
INFO|Portfolio.Log|2013-02-14 17:03:04,381|Processing file: D:\dev\GitHub\portfolio\_posts\2011-09-16.article2.md
INFO|Portfolio.Log|2013-02-14 17:03:04,392|Cache : élement "articles" -> mise à jour terminée !
INFO|Portfolio.Log|2013-02-14 17:03:48,739|Starting website Portfolio...
DEBUG|Portfolio.Log|2013-02-14 17:03:48,845|Demande Ajout Cache articles
INFO|Portfolio.Log|2013-02-14 17:03:48,867|Cache : Ajout élément "articles"
INFO|Portfolio.Log|2013-02-14 17:03:48,869|Cache : élement "articles" -> mise à jour
DEBUG|Portfolio.Log|2013-02-14 17:03:48,870|Source file location: ~/_posts
INFO|Portfolio.Log|2013-02-14 17:03:48,870|Processing file: D:\dev\GitHub\portfolio\_posts\2011-09-02-un-article-exemple.markdown.md
INFO|Portfolio.Log|2013-02-14 17:03:48,962|Processing file: D:\dev\GitHub\portfolio\_posts\2011-09-15.article1.md
INFO|Portfolio.Log|2013-02-14 17:03:48,965|Processing file: D:\dev\GitHub\portfolio\_posts\2011-09-16.article2.md
INFO|Portfolio.Log|2013-02-14 17:03:48,976|Cache : élement "articles" -> mise à jour terminée !
DEBUG|Portfolio.Log|2013-02-14 17:04:01,490|Demande Ajout Cache articles
INFO|Portfolio.Log|2013-02-14 17:04:01,490|Cache : Ajout élément "articles"
INFO|Portfolio.Log|2013-02-14 17:04:01,490|Cache : élement "articles" -> mise à jour
DEBUG|Portfolio.Log|2013-02-14 17:04:01,491|Source file location: ~/_posts
INFO|Portfolio.Log|2013-02-14 17:04:01,492|Processing file: D:\dev\GitHub\portfolio\_posts\2011-09-02-un-article-exemple.markdown.md
INFO|Portfolio.Log|2013-02-14 17:04:01,496|Processing file: D:\dev\GitHub\portfolio\_posts\2011-09-15.article1.md
INFO|Portfolio.Log|2013-02-14 17:04:01,501|Processing file: D:\dev\GitHub\portfolio\_posts\2011-09-16.article2.md
INFO|Portfolio.Log|2013-02-14 17:04:01,506|Cache : élement "articles" -> mise à jour terminée !
DEBUG|Portfolio.Log|2013-02-14 17:04:12,860|Demande Ajout Cache articles
INFO|Portfolio.Log|2013-02-14 17:04:12,860|Cache : Ajout élément "articles"
INFO|Portfolio.Log|2013-02-14 17:04:12,860|Cache : élement "articles" -> mise à jour
DEBUG|Portfolio.Log|2013-02-14 17:04:12,860|Source file location: ~/_posts
INFO|Portfolio.Log|2013-02-14 17:04:12,861|Processing file: D:\dev\GitHub\portfolio\_posts\2011-09-02-un-article-exemple.markdown.md
INFO|Portfolio.Log|2013-02-14 17:04:12,863|Processing file: D:\dev\GitHub\portfolio\_posts\2011-09-15.article1.md
INFO|Portfolio.Log|2013-02-14 17:04:12,866|Processing file: D:\dev\GitHub\portfolio\_posts\2011-09-16.article2 - Copie (2).md
INFO|Portfolio.Log|2013-02-14 17:04:12,871|Processing file: D:\dev\GitHub\portfolio\_posts\2011-09-16.article2 - Copie (3).md
INFO|Portfolio.Log|2013-02-14 17:04:12,875|Processing file: D:\dev\GitHub\portfolio\_posts\2011-09-16.article2 - Copie.md
INFO|Portfolio.Log|2013-02-14 17:04:12,879|Processing file: D:\dev\GitHub\portfolio\_posts\2011-09-16.article2.md
INFO|Portfolio.Log|2013-02-14 17:04:12,882|Cache : élement "articles" -> mise à jour terminée !
INFO|Portfolio.Log|2013-02-14 17:04:45,476|Starting website Portfolio...
DEBUG|Portfolio.Log|2013-02-14 17:04:45,577|Demande Ajout Cache articles
INFO|Portfolio.Log|2013-02-14 17:04:45,580|Cache : Ajout élément "articles"
INFO|Portfolio.Log|2013-02-14 17:04:45,581|Cache : élement "articles" -> mise à jour
DEBUG|Portfolio.Log|2013-02-14 17:04:45,583|Source file location: ~/_posts
INFO|Portfolio.Log|2013-02-14 17:04:45,583|Processing file: D:\dev\GitHub\portfolio\_posts\2011-09-02-un-article-exemple.markdown.md
INFO|Portfolio.Log|2013-02-14 17:04:45,677|Processing file: D:\dev\GitHub\portfolio\_posts\2011-09-15.article1.md
INFO|Portfolio.Log|2013-02-14 17:04:45,680|Processing file: D:\dev\GitHub\portfolio\_posts\2011-09-16.article2 - Copie (2).md
INFO|Portfolio.Log|2013-02-14 17:04:45,691|Processing file: D:\dev\GitHub\portfolio\_posts\2011-09-16.article2 - Copie (3).md
INFO|Portfolio.Log|2013-02-14 17:04:45,695|Processing file: D:\dev\GitHub\portfolio\_posts\2011-09-16.article2 - Copie.md
INFO|Portfolio.Log|2013-02-14 17:04:45,699|Processing file: D:\dev\GitHub\portfolio\_posts\2011-09-16.article2.md
INFO|Portfolio.Log|2013-02-14 17:04:45,703|Cache : élement "articles" -> mise à jour terminée !
INFO|Portfolio.Log|2013-02-14 17:07:36,529|Starting website Portfolio...
DEBUG|Portfolio.Log|2013-02-14 17:07:36,634|Demande Ajout Cache articles
INFO|Portfolio.Log|2013-02-14 17:07:36,637|Cache : Ajout élément "articles"
INFO|Portfolio.Log|2013-02-14 17:07:36,639|Cache : élement "articles" -> mise à jour
DEBUG|Portfolio.Log|2013-02-14 17:07:36,640|Source file location: ~/_posts
INFO|Portfolio.Log|2013-02-14 17:07:36,640|Processing file: D:\dev\GitHub\portfolio\_posts\2011-09-02-un-article-exemple.markdown.md
INFO|Portfolio.Log|2013-02-14 17:07:36,735|Processing file: D:\dev\GitHub\portfolio\_posts\2011-09-15.article1.md
INFO|Portfolio.Log|2013-02-14 17:07:36,739|Processing file: D:\dev\GitHub\portfolio\_posts\2011-09-16.article2 - Copie (2).md
INFO|Portfolio.Log|2013-02-14 17:07:36,748|Processing file: D:\dev\GitHub\portfolio\_posts\2011-09-16.article2 - Copie (3).md
INFO|Portfolio.Log|2013-02-14 17:07:36,752|Processing file: D:\dev\GitHub\portfolio\_posts\2011-09-16.article2 - Copie.md
INFO|Portfolio.Log|2013-02-14 17:07:36,755|Processing file: D:\dev\GitHub\portfolio\_posts\2011-09-16.article2.md
INFO|Portfolio.Log|2013-02-14 17:07:36,759|Cache : élement "articles" -> mise à jour terminée !
INFO|Portfolio.Log|2013-02-14 17:09:45,502|Starting website Portfolio...
DEBUG|Portfolio.Log|2013-02-14 17:09:45,604|Demande Ajout Cache articles
INFO|Portfolio.Log|2013-02-14 17:09:45,607|Cache : Ajout élément "articles"
INFO|Portfolio.Log|2013-02-14 17:09:45,608|Cache : élement "articles" -> mise à jour
DEBUG|Portfolio.Log|2013-02-14 17:09:45,610|Source file location: ~/_posts
INFO|Portfolio.Log|2013-02-14 17:09:45,611|Processing file: D:\dev\GitHub\portfolio\_posts\2011-09-02-un-article-exemple.markdown.md
INFO|Portfolio.Log|2013-02-14 17:09:45,707|Processing file: D:\dev\GitHub\portfolio\_posts\2011-09-15.article1.md
INFO|Portfolio.Log|2013-02-14 17:09:45,710|Processing file: D:\dev\GitHub\portfolio\_posts\2011-09-16.article2 - Copie (2).md
INFO|Portfolio.Log|2013-02-14 17:09:45,719|Processing file: D:\dev\GitHub\portfolio\_posts\2011-09-16.article2 - Copie (3).md
INFO|Portfolio.Log|2013-02-14 17:09:45,723|Processing file: D:\dev\GitHub\portfolio\_posts\2011-09-16.article2 - Copie.md
INFO|Portfolio.Log|2013-02-14 17:09:45,726|Processing file: D:\dev\GitHub\portfolio\_posts\2011-09-16.article2.md
INFO|Portfolio.Log|2013-02-14 17:09:45,730|Cache : élement "articles" -> mise à jour terminée !
INFO|Portfolio.Log|2013-02-14 17:12:30,973|Starting website Portfolio...
DEBUG|Portfolio.Log|2013-02-14 17:12:31,116|Demande Ajout Cache articles
INFO|Portfolio.Log|2013-02-14 17:12:31,122|Cache : Ajout élément "articles"
INFO|Portfolio.Log|2013-02-14 17:12:31,126|Cache : élement "articles" -> mise à jour
DEBUG|Portfolio.Log|2013-02-14 17:12:31,128|Source file location: ~/_posts
INFO|Portfolio.Log|2013-02-14 17:12:31,129|Processing file: D:\dev\GitHub\portfolio\_posts\2011-09-02-un-article-exemple.markdown.md
INFO|Portfolio.Log|2013-02-14 17:12:31,216|Processing file: D:\dev\GitHub\portfolio\_posts\2011-09-15.article1.md
INFO|Portfolio.Log|2013-02-14 17:12:31,221|Processing file: D:\dev\GitHub\portfolio\_posts\2011-09-16.article2 - Copie (2).md
INFO|Portfolio.Log|2013-02-14 17:12:31,232|Processing file: D:\dev\GitHub\portfolio\_posts\2011-09-16.article2 - Copie (3).md
INFO|Portfolio.Log|2013-02-14 17:12:31,237|Processing file: D:\dev\GitHub\portfolio\_posts\2011-09-16.article2 - Copie.md
INFO|Portfolio.Log|2013-02-14 17:12:31,241|Processing file: D:\dev\GitHub\portfolio\_posts\2011-09-16.article2.md
INFO|Portfolio.Log|2013-02-14 17:12:31,247|Cache : élement "articles" -> mise à jour terminée !
INFO|Portfolio.Log|2013-02-15 11:15:40,126|Starting website Portfolio...
DEBUG|Portfolio.Log|2013-02-15 11:15:41,899|Demande Ajout Cache articles
INFO|Portfolio.Log|2013-02-15 11:15:41,905|Cache : Ajout élément "articles"
INFO|Portfolio.Log|2013-02-15 11:15:41,907|Cache : élement "articles" -> mise à jour
DEBUG|Portfolio.Log|2013-02-15 11:15:41,910|Source file location: ~/../Posts/
ERROR|Portfolio.Log|2013-02-15 11:15:42,006|Exception ! Source : GenerateArticles. System.Web.HttpException (0x80004005): Impossible d'utiliser .. en début de commande à partir du répertoire de niveau supérieur.
   à System.Web.Util.UrlPath.ReduceVirtualPath(String path)
   à System.Web.Util.UrlPath.ReduceVirtualPath(String path)
   à System.Web.VirtualPath.Create(String virtualPath, VirtualPathOptions options)
   à System.Web.HttpServerUtility.MapPath(String path)
   à System.Web.HttpServerUtilityWrapper.MapPath(String path)
   à Portfolio.Services.ArticlesService.generateArticles(Controller controller) dans d:\dev\GitHub\portfolio\Source\Services\ArticlesService.cs:ligne 80
INFO|Portfolio.Log|2013-02-15 11:15:42,009|Cache : élement "articles" -> mise à jour terminée !
DEBUG|Portfolio.Log|2013-02-15 11:15:42,011|Aucune donnée récupérée dans le cache pour la clé "articles".
INFO|Portfolio.Log|2013-02-15 11:16:20,062|Starting website Portfolio...
DEBUG|Portfolio.Log|2013-02-15 11:16:20,142|Demande Ajout Cache articles
INFO|Portfolio.Log|2013-02-15 11:16:20,147|Cache : Ajout élément "articles"
INFO|Portfolio.Log|2013-02-15 11:16:20,149|Cache : élement "articles" -> mise à jour
DEBUG|Portfolio.Log|2013-02-15 11:16:20,326|Source file location: D:\dev\GitHub\portfolio\Posts\Posts
ERROR|Portfolio.Log|2013-02-15 11:16:20,398|Exception ! Source : GenerateArticles. System.Web.HttpException (0x80004005): 'D:/dev/GitHub/portfolio/Posts/Posts' est un chemin d'accès physique, mais un chemin d'accès virtuel était attendu.
   à System.Web.Util.UrlPath.CheckValidVirtualPath(String path)
   à System.Web.Util.UrlPath.Combine(String appPath, String basepath, String relative)
   à System.Web.VirtualPath.Combine(VirtualPath relativePath)
   à System.Web.HttpRequest.MapPath(VirtualPath virtualPath, VirtualPath baseVirtualDir, Boolean allowCrossAppMapping)
   à System.Web.HttpServerUtility.MapPath(String path)
   à System.Web.HttpServerUtilityWrapper.MapPath(String path)
   à Portfolio.Services.ArticlesService.generateArticles(Controller controller) dans d:\dev\GitHub\portfolio\Source\Services\ArticlesService.cs:ligne 80
INFO|Portfolio.Log|2013-02-15 11:16:20,400|Cache : élement "articles" -> mise à jour terminée !
DEBUG|Portfolio.Log|2013-02-15 11:16:20,402|Aucune donnée récupérée dans le cache pour la clé "articles".
INFO|Portfolio.Log|2013-02-15 11:16:38,293|Starting website Portfolio...
DEBUG|Portfolio.Log|2013-02-15 11:16:38,429|Demande Ajout Cache articles
INFO|Portfolio.Log|2013-02-15 11:16:38,433|Cache : Ajout élément "articles"
INFO|Portfolio.Log|2013-02-15 11:16:38,436|Cache : élement "articles" -> mise à jour
DEBUG|Portfolio.Log|2013-02-15 11:16:38,438|Source file location: D:\dev\GitHub\portfolio\Posts
ERROR|Portfolio.Log|2013-02-15 11:16:38,470|Exception ! Source : GenerateArticles. System.Web.HttpException (0x80004005): 'D:/dev/GitHub/portfolio/Posts' est un chemin d'accès physique, mais un chemin d'accès virtuel était attendu.
   à System.Web.Util.UrlPath.CheckValidVirtualPath(String path)
   à System.Web.Util.UrlPath.Combine(String appPath, String basepath, String relative)
   à System.Web.VirtualPath.Combine(VirtualPath relativePath)
   à System.Web.HttpRequest.MapPath(VirtualPath virtualPath, VirtualPath baseVirtualDir, Boolean allowCrossAppMapping)
   à System.Web.HttpServerUtility.MapPath(String path)
   à System.Web.HttpServerUtilityWrapper.MapPath(String path)
   à Portfolio.Services.ArticlesService.generateArticles(Controller controller) dans d:\dev\GitHub\portfolio\Source\Services\ArticlesService.cs:ligne 80
INFO|Portfolio.Log|2013-02-15 11:16:38,472|Cache : élement "articles" -> mise à jour terminée !
DEBUG|Portfolio.Log|2013-02-15 11:16:38,474|Aucune donnée récupérée dans le cache pour la clé "articles".
INFO|Portfolio.Log|2013-02-15 11:17:01,752|Starting website Portfolio...
DEBUG|Portfolio.Log|2013-02-15 11:17:01,835|Demande Ajout Cache articles
INFO|Portfolio.Log|2013-02-15 11:17:01,840|Cache : Ajout élément "articles"
INFO|Portfolio.Log|2013-02-15 11:17:01,842|Cache : élement "articles" -> mise à jour
DEBUG|Portfolio.Log|2013-02-15 11:17:02,012|Source file location: ~\Posts
ERROR|Portfolio.Log|2013-02-15 11:17:02,077|Exception ! Source : GenerateArticles. System.IO.DirectoryNotFoundException: Impossible de trouver une partie du chemin d'accès 'D:\dev\GitHub\portfolio\Source\Posts'.
   à System.IO.__Error.WinIOError(Int32 errorCode, String maybeFullPath)
   à System.IO.FileSystemEnumerableIterator`1.CommonInit()
   à System.IO.FileSystemEnumerableIterator`1..ctor(String path, String originalUserPath, String searchPattern, SearchOption searchOption, SearchResultHandler`1 resultHandler, Boolean checkHost)
   à System.IO.Directory.GetFiles(String path, String searchPattern)
   à Portfolio.Services.ArticlesService.generateArticles(Controller controller) dans d:\dev\GitHub\portfolio\Source\Services\ArticlesService.cs:ligne 80
INFO|Portfolio.Log|2013-02-15 11:17:02,079|Cache : élement "articles" -> mise à jour terminée !
DEBUG|Portfolio.Log|2013-02-15 11:17:02,080|Aucune donnée récupérée dans le cache pour la clé "articles".
DEBUG|Portfolio.Log|2013-02-15 11:17:05,810|Aucune donnée récupérée dans le cache pour la clé "articles".
DEBUG|Portfolio.Log|2013-02-15 11:17:19,632|Aucune donnée récupérée dans le cache pour la clé "articles".
DEBUG|Portfolio.Log|2013-02-15 11:17:40,727|Aucune donnée récupérée dans le cache pour la clé "articles".
INFO|Portfolio.Log|2013-02-15 11:17:45,128|Starting website Portfolio...
DEBUG|Portfolio.Log|2013-02-15 11:17:45,271|Demande Ajout Cache articles
INFO|Portfolio.Log|2013-02-15 11:17:45,275|Cache : Ajout élément "articles"
INFO|Portfolio.Log|2013-02-15 11:17:45,278|Cache : élement "articles" -> mise à jour
DEBUG|Portfolio.Log|2013-02-15 11:17:45,280|Source file location: ~\Posts
ERROR|Portfolio.Log|2013-02-15 11:17:45,308|Exception ! Source : GenerateArticles. System.IO.DirectoryNotFoundException: Impossible de trouver une partie du chemin d'accès 'D:\dev\GitHub\portfolio\Source\Posts'.
   à System.IO.__Error.WinIOError(Int32 errorCode, String maybeFullPath)
   à System.IO.FileSystemEnumerableIterator`1.CommonInit()
   à System.IO.FileSystemEnumerableIterator`1..ctor(String path, String originalUserPath, String searchPattern, SearchOption searchOption, SearchResultHandler`1 resultHandler, Boolean checkHost)
   à System.IO.Directory.GetFiles(String path, String searchPattern)
   à Portfolio.Services.ArticlesService.generateArticles(Controller controller) dans d:\dev\GitHub\portfolio\Source\Services\ArticlesService.cs:ligne 80
INFO|Portfolio.Log|2013-02-15 11:17:45,310|Cache : élement "articles" -> mise à jour terminée !
DEBUG|Portfolio.Log|2013-02-15 11:17:45,311|Aucune donnée récupérée dans le cache pour la clé "articles".
INFO|Portfolio.Log|2013-02-15 11:18:04,410|Starting website Portfolio...
DEBUG|Portfolio.Log|2013-02-15 11:18:04,499|Demande Ajout Cache articles
INFO|Portfolio.Log|2013-02-15 11:18:04,503|Cache : Ajout élément "articles"
INFO|Portfolio.Log|2013-02-15 11:18:04,506|Cache : élement "articles" -> mise à jour
DEBUG|Portfolio.Log|2013-02-15 11:18:04,681|Source file location: ~\..\Posts
ERROR|Portfolio.Log|2013-02-15 11:18:04,717|Exception ! Source : GenerateArticles. System.Web.HttpException (0x80004005): Impossible d'utiliser .. en début de commande à partir du répertoire de niveau supérieur.
   à System.Web.Util.UrlPath.ReduceVirtualPath(String path)
   à System.Web.Util.UrlPath.ReduceVirtualPath(String path)
   à System.Web.VirtualPath.Create(String virtualPath, VirtualPathOptions options)
   à System.Web.HttpServerUtility.MapPath(String path)
   à System.Web.HttpServerUtilityWrapper.MapPath(String path)
   à Portfolio.Services.ArticlesService.generateArticles(Controller controller) dans d:\dev\GitHub\portfolio\Source\Services\ArticlesService.cs:ligne 80
INFO|Portfolio.Log|2013-02-15 11:18:04,719|Cache : élement "articles" -> mise à jour terminée !
DEBUG|Portfolio.Log|2013-02-15 11:18:04,720|Aucune donnée récupérée dans le cache pour la clé "articles".
INFO|Portfolio.Log|2013-02-15 11:18:39,709|Starting website Portfolio...
DEBUG|Portfolio.Log|2013-02-15 11:18:39,784|Demande Ajout Cache articles
INFO|Portfolio.Log|2013-02-15 11:18:39,790|Cache : Ajout élément "articles"
INFO|Portfolio.Log|2013-02-15 11:18:39,792|Cache : élement "articles" -> mise à jour
DEBUG|Portfolio.Log|2013-02-15 11:18:39,965|Source file location: ..\..\Posts
ERROR|Portfolio.Log|2013-02-15 11:18:39,998|Exception ! Source : GenerateArticles. System.Web.HttpException (0x80004005): Impossible d'utiliser .. en début de commande à partir du répertoire de niveau supérieur.
   à System.Web.Util.UrlPath.ReduceVirtualPath(String path)
   à System.Web.Util.UrlPath.Reduce(String path)
   à System.Web.Util.UrlPath.Combine(String appPath, String basepath, String relative)
   à System.Web.VirtualPath.Combine(VirtualPath relativePath)
   à System.Web.HttpRequest.MapPath(VirtualPath virtualPath, VirtualPath baseVirtualDir, Boolean allowCrossAppMapping)
   à System.Web.HttpServerUtility.MapPath(String path)
   à System.Web.HttpServerUtilityWrapper.MapPath(String path)
   à Portfolio.Services.ArticlesService.generateArticles(Controller controller) dans d:\dev\GitHub\portfolio\Source\Services\ArticlesService.cs:ligne 80
INFO|Portfolio.Log|2013-02-15 11:18:40,000|Cache : élement "articles" -> mise à jour terminée !
DEBUG|Portfolio.Log|2013-02-15 11:18:40,003|Aucune donnée récupérée dans le cache pour la clé "articles".
INFO|Portfolio.Log|2013-02-15 11:19:15,117|Starting website Portfolio...
DEBUG|Portfolio.Log|2013-02-15 11:19:15,261|Demande Ajout Cache articles
INFO|Portfolio.Log|2013-02-15 11:19:15,266|Cache : Ajout élément "articles"
INFO|Portfolio.Log|2013-02-15 11:19:15,268|Cache : élement "articles" -> mise à jour
DEBUG|Portfolio.Log|2013-02-15 11:19:15,271|Source file location: D:\dev\GitHub\portfolio\Posts
INFO|Portfolio.Log|2013-02-15 11:19:15,271|Processing file: D:\dev\GitHub\portfolio\Posts\2011-09-02-un-article-exemple.markdown.md
INFO|Portfolio.Log|2013-02-15 11:19:15,376|Processing file: D:\dev\GitHub\portfolio\Posts\2011-09-15.article1.md
INFO|Portfolio.Log|2013-02-15 11:19:15,389|Processing file: D:\dev\GitHub\portfolio\Posts\2011-09-16.article2 - Copie (2).md
INFO|Portfolio.Log|2013-02-15 11:19:15,418|Processing file: D:\dev\GitHub\portfolio\Posts\2011-09-16.article2 - Copie (3).md
INFO|Portfolio.Log|2013-02-15 11:19:15,428|Processing file: D:\dev\GitHub\portfolio\Posts\2011-09-16.article2 - Copie.md
INFO|Portfolio.Log|2013-02-15 11:19:15,437|Processing file: D:\dev\GitHub\portfolio\Posts\2011-09-16.article2.md
INFO|Portfolio.Log|2013-02-15 11:19:15,454|Cache : élement "articles" -> mise à jour terminée !
INFO|Portfolio.Log|2013-02-15 11:19:29,216|Starting website Portfolio...
DEBUG|Portfolio.Log|2013-02-15 11:19:29,371|Demande Ajout Cache articles
INFO|Portfolio.Log|2013-02-15 11:19:29,376|Cache : Ajout élément "articles"
INFO|Portfolio.Log|2013-02-15 11:19:29,379|Cache : élement "articles" -> mise à jour
DEBUG|Portfolio.Log|2013-02-15 11:19:29,381|Source file location: D:\dev\GitHub\portfolio\Posts
INFO|Portfolio.Log|2013-02-15 11:19:29,382|Processing file: D:\dev\GitHub\portfolio\Posts\2011-09-02-un-article-exemple.markdown.md
INFO|Portfolio.Log|2013-02-15 11:19:29,469|Processing file: D:\dev\GitHub\portfolio\Posts\2011-09-15.article1.md
INFO|Portfolio.Log|2013-02-15 11:19:34,688|Starting website Portfolio...
DEBUG|Portfolio.Log|2013-02-15 11:19:34,835|Demande Ajout Cache articles
INFO|Portfolio.Log|2013-02-15 11:19:34,841|Cache : Ajout élément "articles"
INFO|Portfolio.Log|2013-02-15 11:19:34,844|Cache : élement "articles" -> mise à jour
DEBUG|Portfolio.Log|2013-02-15 11:19:35,015|Source file location: D:\dev\GitHub\portfolio\Posts
INFO|Portfolio.Log|2013-02-15 11:19:35,016|Processing file: D:\dev\GitHub\portfolio\Posts\2011-09-02-un-article-exemple.markdown.md
INFO|Portfolio.Log|2013-02-15 11:19:35,116|Processing file: D:\dev\GitHub\portfolio\Posts\2011-09-15.article1.md
INFO|Portfolio.Log|2013-02-15 11:19:35,121|Processing file: D:\dev\GitHub\portfolio\Posts\2011-09-16.article2 - Copie (2).md
INFO|Portfolio.Log|2013-02-15 11:19:35,132|Processing file: D:\dev\GitHub\portfolio\Posts\2011-09-16.article2 - Copie (3).md
INFO|Portfolio.Log|2013-02-15 11:19:35,137|Processing file: D:\dev\GitHub\portfolio\Posts\2011-09-16.article2 - Copie.md
INFO|Portfolio.Log|2013-02-15 11:19:35,142|Processing file: D:\dev\GitHub\portfolio\Posts\2011-09-16.article2.md
INFO|Portfolio.Log|2013-02-15 11:19:35,147|Cache : élement "articles" -> mise à jour terminée !
INFO|Portfolio.Log|2013-02-15 11:21:37,778|Starting website Portfolio...
DEBUG|Portfolio.Log|2013-02-15 11:21:38,080|Demande Ajout Cache articles
INFO|Portfolio.Log|2013-02-15 11:21:38,083|Cache : Ajout élément "articles"
INFO|Portfolio.Log|2013-02-15 11:21:38,084|Cache : élement "articles" -> mise à jour
DEBUG|Portfolio.Log|2013-02-15 11:21:38,085|Source file location: D:\dev\GitHub\portfolio\Posts
INFO|Portfolio.Log|2013-02-15 11:21:38,086|Processing file: D:\dev\GitHub\portfolio\Posts\2011-09-02-un-article-exemple.markdown.md
INFO|Portfolio.Log|2013-02-15 11:21:38,178|Processing file: D:\dev\GitHub\portfolio\Posts\2011-09-15.article1.md
INFO|Portfolio.Log|2013-02-15 11:21:38,181|Processing file: D:\dev\GitHub\portfolio\Posts\2011-09-16.article2 - Copie (2).md
INFO|Portfolio.Log|2013-02-15 11:21:38,192|Processing file: D:\dev\GitHub\portfolio\Posts\2011-09-16.article2 - Copie (3).md
INFO|Portfolio.Log|2013-02-15 11:21:38,196|Processing file: D:\dev\GitHub\portfolio\Posts\2011-09-16.article2 - Copie.md
INFO|Portfolio.Log|2013-02-15 11:21:38,200|Processing file: D:\dev\GitHub\portfolio\Posts\2011-09-16.article2.md
INFO|Portfolio.Log|2013-02-15 11:21:38,205|Cache : élement "articles" -> mise à jour terminée !
INFO|Portfolio.Log|2013-02-15 11:21:59,347|Starting website Portfolio...
INFO|Portfolio.Log|2013-02-15 11:22:28,251|Starting website Portfolio...
DEBUG|Portfolio.Log|2013-02-15 11:22:34,609|Demande Ajout Cache articles
INFO|Portfolio.Log|2013-02-15 11:22:34,612|Cache : Ajout élément "articles"
INFO|Portfolio.Log|2013-02-15 11:22:34,613|Cache : élement "articles" -> mise à jour
DEBUG|Portfolio.Log|2013-02-15 11:22:34,615|Source file location: D:\dev\GitHub\portfolio\Posts
INFO|Portfolio.Log|2013-02-15 11:22:34,615|Processing file: D:\dev\GitHub\portfolio\Posts\2011-09-02-un-article-exemple.markdown.md
INFO|Portfolio.Log|2013-02-15 11:22:34,708|Processing file: D:\dev\GitHub\portfolio\Posts\2011-09-15.article1.md
INFO|Portfolio.Log|2013-02-15 11:22:34,711|Processing file: D:\dev\GitHub\portfolio\Posts\2011-09-16.article2 - Copie (2).md
INFO|Portfolio.Log|2013-02-15 11:22:34,721|Processing file: D:\dev\GitHub\portfolio\Posts\2011-09-16.article2 - Copie (3).md
INFO|Portfolio.Log|2013-02-15 11:22:34,724|Processing file: D:\dev\GitHub\portfolio\Posts\2011-09-16.article2 - Copie.md
INFO|Portfolio.Log|2013-02-15 11:22:34,728|Processing file: D:\dev\GitHub\portfolio\Posts\2011-09-16.article2.md
INFO|Portfolio.Log|2013-02-15 11:22:34,732|Cache : élement "articles" -> mise à jour terminée !
INFO|Portfolio.Log|2013-02-15 11:22:51,788|Starting website Portfolio...
DEBUG|Portfolio.Log|2013-02-15 11:22:51,928|Demande Ajout Cache articles
INFO|Portfolio.Log|2013-02-15 11:22:51,933|Cache : Ajout élément "articles"
INFO|Portfolio.Log|2013-02-15 11:22:51,935|Cache : élement "articles" -> mise à jour
DEBUG|Portfolio.Log|2013-02-15 11:22:51,938|Source file location: D:\dev\GitHub\portfolio\Posts
INFO|Portfolio.Log|2013-02-15 11:22:51,939|Processing file: D:\dev\GitHub\portfolio\Posts\2011-09-02-un-article-exemple.markdown.md
INFO|Portfolio.Log|2013-02-15 11:22:52,029|Processing file: D:\dev\GitHub\portfolio\Posts\2011-09-15.article1.md
INFO|Portfolio.Log|2013-02-15 11:22:52,034|Processing file: D:\dev\GitHub\portfolio\Posts\2011-09-16.article2 - Copie (2).md
INFO|Portfolio.Log|2013-02-15 11:22:52,045|Processing file: D:\dev\GitHub\portfolio\Posts\2011-09-16.article2 - Copie (3).md
INFO|Portfolio.Log|2013-02-15 11:22:52,050|Processing file: D:\dev\GitHub\portfolio\Posts\2011-09-16.article2 - Copie.md
INFO|Portfolio.Log|2013-02-15 11:22:52,055|Processing file: D:\dev\GitHub\portfolio\Posts\2011-09-16.article2.md
INFO|Portfolio.Log|2013-02-15 11:22:52,061|Cache : élement "articles" -> mise à jour terminée !
INFO|Portfolio.Log|2013-02-15 11:23:08,282|Starting website Portfolio...
DEBUG|Portfolio.Log|2013-02-15 11:23:08,378|Demande Ajout Cache articles
INFO|Portfolio.Log|2013-02-15 11:23:08,381|Cache : Ajout élément "articles"
INFO|Portfolio.Log|2013-02-15 11:23:08,382|Cache : élement "articles" -> mise à jour
DEBUG|Portfolio.Log|2013-02-15 11:23:08,384|Source file location: D:\dev\GitHub\portfolio\Posts
INFO|Portfolio.Log|2013-02-15 11:23:08,384|Processing file: D:\dev\GitHub\portfolio\Posts\2011-09-02-un-article-exemple.markdown.md
INFO|Portfolio.Log|2013-02-15 11:23:08,479|Processing file: D:\dev\GitHub\portfolio\Posts\2011-09-15.article1.md
INFO|Portfolio.Log|2013-02-15 11:23:08,483|Processing file: D:\dev\GitHub\portfolio\Posts\2011-09-16.article2 - Copie (2).md
INFO|Portfolio.Log|2013-02-15 11:23:08,493|Processing file: D:\dev\GitHub\portfolio\Posts\2011-09-16.article2 - Copie (3).md
INFO|Portfolio.Log|2013-02-15 11:23:08,497|Processing file: D:\dev\GitHub\portfolio\Posts\2011-09-16.article2 - Copie.md
INFO|Portfolio.Log|2013-02-15 11:23:08,500|Processing file: D:\dev\GitHub\portfolio\Posts\2011-09-16.article2.md
INFO|Portfolio.Log|2013-02-15 11:23:08,524|Cache : élement "articles" -> mise à jour terminée !
DEBUG|Portfolio.Log|2013-02-15 11:25:19,914|Demande Ajout Cache articles
INFO|Portfolio.Log|2013-02-15 11:25:19,914|Cache : Ajout élément "articles"
INFO|Portfolio.Log|2013-02-15 11:25:19,915|Cache : élement "articles" -> mise à jour
DEBUG|Portfolio.Log|2013-02-15 11:25:19,915|Source file location: D:\dev\GitHub\portfolio\Posts
INFO|Portfolio.Log|2013-02-15 11:25:19,915|Processing file: D:\dev\GitHub\portfolio\Posts\2011-09-02-un-article-exemple.markdown.md
INFO|Portfolio.Log|2013-02-15 11:25:19,919|Processing file: D:\dev\GitHub\portfolio\Posts\2011-09-15.article1.md
INFO|Portfolio.Log|2013-02-15 11:25:19,923|Processing file: D:\dev\GitHub\portfolio\Posts\2011-09-16.article2 - Copie (2).md
INFO|Portfolio.Log|2013-02-15 11:25:19,926|Processing file: D:\dev\GitHub\portfolio\Posts\2011-09-16.article2 - Copie (3).md
INFO|Portfolio.Log|2013-02-15 11:25:19,930|Processing file: D:\dev\GitHub\portfolio\Posts\2011-09-16.article2 - Copie.md
INFO|Portfolio.Log|2013-02-15 11:25:19,933|Processing file: D:\dev\GitHub\portfolio\Posts\2011-09-16.article2.md
INFO|Portfolio.Log|2013-02-15 11:25:19,936|Cache : élement "articles" -> mise à jour terminée !
INFO|Portfolio.Log|2013-02-15 11:25:32,089|Starting website Portfolio...
DEBUG|Portfolio.Log|2013-02-15 11:25:32,241|Demande Ajout Cache articles
INFO|Portfolio.Log|2013-02-15 11:25:32,246|Cache : Ajout élément "articles"
INFO|Portfolio.Log|2013-02-15 11:25:32,249|Cache : élement "articles" -> mise à jour
DEBUG|Portfolio.Log|2013-02-15 11:25:32,252|Source file location: D:\dev\GitHub\portfolio\Posts
INFO|Portfolio.Log|2013-02-15 11:25:32,253|Processing file: D:\dev\GitHub\portfolio\Posts\2011-09-02-un-article-exemple.markdown.md
INFO|Portfolio.Log|2013-02-15 11:25:32,339|Processing file: D:\dev\GitHub\portfolio\Posts\2011-09-15.article1.md
INFO|Portfolio.Log|2013-02-15 11:25:32,344|Processing file: D:\dev\GitHub\portfolio\Posts\2011-09-16.article2 - Copie (2).md
INFO|Portfolio.Log|2013-02-15 11:25:32,355|Processing file: D:\dev\GitHub\portfolio\Posts\2011-09-16.article2 - Copie (3).md
INFO|Portfolio.Log|2013-02-15 11:25:32,360|Processing file: D:\dev\GitHub\portfolio\Posts\2011-09-16.article2 - Copie.md
INFO|Portfolio.Log|2013-02-15 11:25:32,364|Processing file: D:\dev\GitHub\portfolio\Posts\2011-09-16.article2.md
INFO|Portfolio.Log|2013-02-15 11:25:32,373|Cache : élement "articles" -> mise à jour terminée !
INFO|Portfolio.Log|2013-02-15 11:26:24,817|Starting website Portfolio...
DEBUG|Portfolio.Log|2013-02-15 11:26:24,910|Demande Ajout Cache articles
INFO|Portfolio.Log|2013-02-15 11:26:24,912|Cache : Ajout élément "articles"
INFO|Portfolio.Log|2013-02-15 11:26:24,914|Cache : élement "articles" -> mise à jour
DEBUG|Portfolio.Log|2013-02-15 11:26:24,915|Source file location: D:\dev\GitHub\portfolio\Posts
INFO|Portfolio.Log|2013-02-15 11:26:24,916|Processing file: D:\dev\GitHub\portfolio\Posts\2011-09-02-un-article-exemple.markdown.md
INFO|Portfolio.Log|2013-02-15 11:26:25,011|Processing file: D:\dev\GitHub\portfolio\Posts\2011-09-15.article1.md
INFO|Portfolio.Log|2013-02-15 11:26:25,015|Processing file: D:\dev\GitHub\portfolio\Posts\2011-09-16.article2 - Copie (2).md
INFO|Portfolio.Log|2013-02-15 11:26:25,026|Processing file: D:\dev\GitHub\portfolio\Posts\2011-09-16.article2 - Copie (3).md
INFO|Portfolio.Log|2013-02-15 11:26:25,030|Processing file: D:\dev\GitHub\portfolio\Posts\2011-09-16.article2 - Copie.md
INFO|Portfolio.Log|2013-02-15 11:26:25,034|Processing file: D:\dev\GitHub\portfolio\Posts\2011-09-16.article2.md
INFO|Portfolio.Log|2013-02-15 11:26:25,039|Cache : élement "articles" -> mise à jour terminée !
INFO|Portfolio.Log|2013-02-15 11:29:01,283|Starting website Portfolio...
DEBUG|Portfolio.Log|2013-02-15 11:29:01,380|Demande Ajout Cache articles
INFO|Portfolio.Log|2013-02-15 11:29:01,383|Cache : Ajout élément "articles"
INFO|Portfolio.Log|2013-02-15 11:29:01,384|Cache : élement "articles" -> mise à jour
DEBUG|Portfolio.Log|2013-02-15 11:29:01,386|Source file location: D:\dev\GitHub\portfolio\Posts
INFO|Portfolio.Log|2013-02-15 11:29:01,386|Processing file: D:\dev\GitHub\portfolio\Posts\2011-09-02-un-article-exemple.markdown.md
ERROR|Portfolio.Log|2013-02-15 11:29:01,392|Exception ! Source : GenerateArticles.ReadMeta. System.IO.FileNotFoundException: Impossible de trouver le fichier 'D:\dev\GitHub\portfolio\Posts\2011-09-02-un-article-exemple.markdown.meta'.
Nom de fichier : 'D:\dev\GitHub\portfolio\Posts\2011-09-02-un-article-exemple.markdown.meta'
   à System.IO.__Error.WinIOError(Int32 errorCode, String maybeFullPath)
   à System.IO.FileStream.Init(String path, FileMode mode, FileAccess access, Int32 rights, Boolean useRights, FileShare share, Int32 bufferSize, FileOptions options, SECURITY_ATTRIBUTES secAttrs, String msgPath, Boolean bFromProxy, Boolean useLongPath, Boolean checkHost)
   à System.IO.FileStream..ctor(String path, FileMode mode, FileAccess access, FileShare share, Int32 bufferSize, FileOptions options, String msgPath, Boolean bFromProxy, Boolean useLongPath, Boolean checkHost)
   à System.IO.StreamReader..ctor(String path, Encoding encoding, Boolean detectEncodingFromByteOrderMarks, Int32 bufferSize, Boolean checkHost)
   à System.IO.File.InternalReadAllText(String path, Encoding encoding, Boolean checkHost)
   à System.IO.File.ReadAllText(String path)
   à Portfolio.Services.ArticlesService.generateArticles(Controller controller) dans d:\dev\GitHub\portfolio\Source\Services\ArticlesService.cs:ligne 93
INFO|Portfolio.Log|2013-02-15 11:29:01,456|Processing file: D:\dev\GitHub\portfolio\Posts\2011-09-15.article1.md
ERROR|Portfolio.Log|2013-02-15 11:29:01,456|Exception ! Source : GenerateArticles.ReadMeta. System.IO.FileNotFoundException: Impossible de trouver le fichier 'D:\dev\GitHub\portfolio\Posts\2011-09-15.article1.meta'.
Nom de fichier : 'D:\dev\GitHub\portfolio\Posts\2011-09-15.article1.meta'
   à System.IO.__Error.WinIOError(Int32 errorCode, String maybeFullPath)
   à System.IO.FileStream.Init(String path, FileMode mode, FileAccess access, Int32 rights, Boolean useRights, FileShare share, Int32 bufferSize, FileOptions options, SECURITY_ATTRIBUTES secAttrs, String msgPath, Boolean bFromProxy, Boolean useLongPath, Boolean checkHost)
   à System.IO.FileStream..ctor(String path, FileMode mode, FileAccess access, FileShare share, Int32 bufferSize, FileOptions options, String msgPath, Boolean bFromProxy, Boolean useLongPath, Boolean checkHost)
   à System.IO.StreamReader..ctor(String path, Encoding encoding, Boolean detectEncodingFromByteOrderMarks, Int32 bufferSize, Boolean checkHost)
   à System.IO.File.InternalReadAllText(String path, Encoding encoding, Boolean checkHost)
   à System.IO.File.ReadAllText(String path)
   à Portfolio.Services.ArticlesService.generateArticles(Controller controller) dans d:\dev\GitHub\portfolio\Source\Services\ArticlesService.cs:ligne 93
INFO|Portfolio.Log|2013-02-15 11:29:01,459|Processing file: D:\dev\GitHub\portfolio\Posts\2011-09-16.article2.md
ERROR|Portfolio.Log|2013-02-15 11:29:01,460|Exception ! Source : GenerateArticles.ReadMeta. System.IO.FileNotFoundException: Impossible de trouver le fichier 'D:\dev\GitHub\portfolio\Posts\2011-09-16.article2.meta'.
Nom de fichier : 'D:\dev\GitHub\portfolio\Posts\2011-09-16.article2.meta'
   à System.IO.__Error.WinIOError(Int32 errorCode, String maybeFullPath)
   à System.IO.FileStream.Init(String path, FileMode mode, FileAccess access, Int32 rights, Boolean useRights, FileShare share, Int32 bufferSize, FileOptions options, SECURITY_ATTRIBUTES secAttrs, String msgPath, Boolean bFromProxy, Boolean useLongPath, Boolean checkHost)
   à System.IO.FileStream..ctor(String path, FileMode mode, FileAccess access, FileShare share, Int32 bufferSize, FileOptions options, String msgPath, Boolean bFromProxy, Boolean useLongPath, Boolean checkHost)
   à System.IO.StreamReader..ctor(String path, Encoding encoding, Boolean detectEncodingFromByteOrderMarks, Int32 bufferSize, Boolean checkHost)
   à System.IO.File.InternalReadAllText(String path, Encoding encoding, Boolean checkHost)
   à System.IO.File.ReadAllText(String path)
   à Portfolio.Services.ArticlesService.generateArticles(Controller controller) dans d:\dev\GitHub\portfolio\Source\Services\ArticlesService.cs:ligne 93
INFO|Portfolio.Log|2013-02-15 11:29:01,471|Cache : élement "articles" -> mise à jour terminée !
INFO|Portfolio.Log|2013-02-15 11:29:11,880|Starting website Portfolio...
DEBUG|Portfolio.Log|2013-02-15 11:29:12,027|Demande Ajout Cache articles
INFO|Portfolio.Log|2013-02-15 11:29:12,031|Cache : Ajout élément "articles"
INFO|Portfolio.Log|2013-02-15 11:29:12,034|Cache : élement "articles" -> mise à jour
DEBUG|Portfolio.Log|2013-02-15 11:29:12,037|Source file location: D:\dev\GitHub\portfolio\Posts
INFO|Portfolio.Log|2013-02-15 11:29:12,038|Processing file: D:\dev\GitHub\portfolio\Posts\2011-09-02-un-article-exemple.markdown.md
INFO|Portfolio.Log|2013-02-15 11:29:23,047|Processing file: D:\dev\GitHub\portfolio\Posts\2011-09-15.article1.md
INFO|Portfolio.Log|2013-02-15 11:29:23,053|Processing file: D:\dev\GitHub\portfolio\Posts\2011-09-16.article2.md
INFO|Portfolio.Log|2013-02-15 11:29:23,065|Cache : élement "articles" -> mise à jour terminée !
INFO|Portfolio.Log|2013-02-15 11:47:36,595|Starting website Portfolio...
DEBUG|Portfolio.Log|2013-02-15 11:47:36,702|Demande Ajout Cache articles
INFO|Portfolio.Log|2013-02-15 11:47:36,705|Cache : Ajout élément "articles"
INFO|Portfolio.Log|2013-02-15 11:47:36,707|Cache : élement "articles" -> mise à jour
DEBUG|Portfolio.Log|2013-02-15 11:47:36,708|Source file location: D:\dev\GitHub\portfolio\Posts
INFO|Portfolio.Log|2013-02-15 11:47:36,709|Processing file: D:\dev\GitHub\portfolio\Posts\2011-09-02-un-article-exemple.markdown.md
INFO|Portfolio.Log|2013-02-15 11:47:36,811|Processing file: D:\dev\GitHub\portfolio\Posts\2011-09-15.article1.md
INFO|Portfolio.Log|2013-02-15 11:47:36,815|Processing file: D:\dev\GitHub\portfolio\Posts\2011-09-16.article2.md
INFO|Portfolio.Log|2013-02-15 11:47:36,826|Cache : élement "articles" -> mise à jour terminée !
INFO|Portfolio.Log|2013-02-15 11:48:42,545|Starting website Portfolio...
DEBUG|Portfolio.Log|2013-02-15 11:48:42,639|Demande Ajout Cache articles
INFO|Portfolio.Log|2013-02-15 11:48:42,642|Cache : Ajout élément "articles"
INFO|Portfolio.Log|2013-02-15 11:48:42,643|Cache : élement "articles" -> mise à jour
DEBUG|Portfolio.Log|2013-02-15 11:48:42,645|Source file location: D:\dev\GitHub\portfolio\Posts
INFO|Portfolio.Log|2013-02-15 11:48:42,645|Processing file: D:\dev\GitHub\portfolio\Posts\2011-09-02-un-article-exemple.markdown.md
INFO|Portfolio.Log|2013-02-15 11:48:42,747|Processing file: D:\dev\GitHub\portfolio\Posts\2011-09-15.article1.md
INFO|Portfolio.Log|2013-02-15 11:48:42,750|Processing file: D:\dev\GitHub\portfolio\Posts\2011-09-16.article2.md
INFO|Portfolio.Log|2013-02-15 11:48:42,762|Cache : élement "articles" -> mise à jour terminée !
INFO|Portfolio.Log|2013-02-15 11:52:32,106|Starting website Portfolio...
DEBUG|Portfolio.Log|2013-02-15 11:52:32,202|Demande Ajout Cache articles
INFO|Portfolio.Log|2013-02-15 11:52:32,205|Cache : Ajout élément "articles"
INFO|Portfolio.Log|2013-02-15 11:52:32,207|Cache : élement "articles" -> mise à jour
DEBUG|Portfolio.Log|2013-02-15 11:52:32,208|Source file location: D:\dev\GitHub\portfolio\Posts
INFO|Portfolio.Log|2013-02-15 11:52:32,208|Processing file: D:\dev\GitHub\portfolio\Posts\2011-09-02-un-article-exemple.markdown.md
INFO|Portfolio.Log|2013-02-15 11:52:32,306|Processing file: D:\dev\GitHub\portfolio\Posts\2011-09-15.article1.md
INFO|Portfolio.Log|2013-02-15 11:52:32,309|Processing file: D:\dev\GitHub\portfolio\Posts\2011-09-16.article2.md
INFO|Portfolio.Log|2013-02-15 11:52:32,321|Cache : élement "articles" -> mise à jour terminée !
INFO|Portfolio.Log|2013-02-15 11:52:48,182|Starting website Portfolio...
DEBUG|Portfolio.Log|2013-02-15 11:52:48,294|Demande Ajout Cache articles
INFO|Portfolio.Log|2013-02-15 11:52:48,296|Cache : Ajout élément "articles"
INFO|Portfolio.Log|2013-02-15 11:52:48,298|Cache : élement "articles" -> mise à jour
DEBUG|Portfolio.Log|2013-02-15 11:52:48,299|Source file location: D:\dev\GitHub\portfolio\Posts
INFO|Portfolio.Log|2013-02-15 11:52:48,300|Processing file: D:\dev\GitHub\portfolio\Posts\2011-09-02-un-article-exemple.markdown.md
INFO|Portfolio.Log|2013-02-15 11:52:48,389|Processing file: D:\dev\GitHub\portfolio\Posts\2011-09-15.article1.md
INFO|Portfolio.Log|2013-02-15 11:52:48,393|Processing file: D:\dev\GitHub\portfolio\Posts\2011-09-16.article2.md
INFO|Portfolio.Log|2013-02-15 11:52:48,403|Cache : élement "articles" -> mise à jour terminée !
DEBUG|Portfolio.Log|2013-02-15 11:52:51,355|Demande Ajout Cache articles_category_jekyll
INFO|Portfolio.Log|2013-02-15 11:52:51,355|Cache : Ajout élément "articles_category_jekyll"
INFO|Portfolio.Log|2013-02-15 11:52:51,355|Cache : élement "articles_category_jekyll" -> mise à jour
INFO|Portfolio.Log|2013-02-15 11:52:51,356|Cache : élement "articles_category_jekyll" -> mise à jour terminée !
INFO|Portfolio.Log|2013-02-15 11:54:30,687|Starting website Portfolio...
DEBUG|Portfolio.Log|2013-02-15 11:54:30,789|Demande Ajout Cache articles_category_jekyll
INFO|Portfolio.Log|2013-02-15 11:54:30,791|Cache : Ajout élément "articles_category_jekyll"
INFO|Portfolio.Log|2013-02-15 11:54:30,793|Cache : élement "articles_category_jekyll" -> mise à jour
DEBUG|Portfolio.Log|2013-02-15 11:54:30,794|Demande Ajout Cache articles
INFO|Portfolio.Log|2013-02-15 11:54:30,794|Cache : Ajout élément "articles"
INFO|Portfolio.Log|2013-02-15 11:54:30,794|Cache : élement "articles" -> mise à jour
DEBUG|Portfolio.Log|2013-02-15 11:54:30,796|Source file location: D:\dev\GitHub\portfolio\Posts
INFO|Portfolio.Log|2013-02-15 11:54:30,796|Processing file: D:\dev\GitHub\portfolio\Posts\2011-09-02-un-article-exemple.markdown.md
INFO|Portfolio.Log|2013-02-15 11:54:30,897|Processing file: D:\dev\GitHub\portfolio\Posts\2011-09-15.article1.md
INFO|Portfolio.Log|2013-02-15 11:54:30,901|Processing file: D:\dev\GitHub\portfolio\Posts\2011-09-16.article2.md
INFO|Portfolio.Log|2013-02-15 11:54:30,912|Cache : élement "articles" -> mise à jour terminée !
INFO|Portfolio.Log|2013-02-15 11:54:30,913|Cache : élement "articles_category_jekyll" -> mise à jour terminée !
INFO|Portfolio.Log|2013-02-15 11:54:35,802|Starting website Portfolio...
DEBUG|Portfolio.Log|2013-02-15 11:54:35,903|Demande Ajout Cache articles_category_jekyll
INFO|Portfolio.Log|2013-02-15 11:54:35,906|Cache : Ajout élément "articles_category_jekyll"
INFO|Portfolio.Log|2013-02-15 11:54:35,908|Cache : élement "articles_category_jekyll" -> mise à jour
DEBUG|Portfolio.Log|2013-02-15 11:54:35,909|Demande Ajout Cache articles
INFO|Portfolio.Log|2013-02-15 11:54:35,909|Cache : Ajout élément "articles"
INFO|Portfolio.Log|2013-02-15 11:54:35,909|Cache : élement "articles" -> mise à jour
DEBUG|Portfolio.Log|2013-02-15 11:54:35,911|Source file location: D:\dev\GitHub\portfolio\Posts
INFO|Portfolio.Log|2013-02-15 11:54:35,911|Processing file: D:\dev\GitHub\portfolio\Posts\2011-09-02-un-article-exemple.markdown.md
INFO|Portfolio.Log|2013-02-15 11:54:36,006|Processing file: D:\dev\GitHub\portfolio\Posts\2011-09-15.article1.md
INFO|Portfolio.Log|2013-02-15 11:54:36,009|Processing file: D:\dev\GitHub\portfolio\Posts\2011-09-16.article2.md
INFO|Portfolio.Log|2013-02-15 11:54:36,021|Cache : élement "articles" -> mise à jour terminée !
INFO|Portfolio.Log|2013-02-15 11:54:36,022|Cache : élement "articles_category_jekyll" -> mise à jour terminée !
DEBUG|Portfolio.Log|2013-02-15 11:54:57,380|Demande Ajout Cache articles_category_pouet
INFO|Portfolio.Log|2013-02-15 11:54:57,381|Cache : Ajout élément "articles_category_pouet"
INFO|Portfolio.Log|2013-02-15 11:54:57,381|Cache : élement "articles_category_pouet" -> mise à jour
INFO|Portfolio.Log|2013-02-15 11:54:57,381|Cache : élement "articles_category_pouet" -> mise à jour terminée !
INFO|Portfolio.Log|2013-02-15 12:03:53,530|Starting website Portfolio...
DEBUG|Portfolio.Log|2013-02-15 12:03:53,623|Demande Ajout Cache articles_category_pouet
INFO|Portfolio.Log|2013-02-15 12:03:53,626|Cache : Ajout élément "articles_category_pouet"
INFO|Portfolio.Log|2013-02-15 12:03:53,627|Cache : élement "articles_category_pouet" -> mise à jour
DEBUG|Portfolio.Log|2013-02-15 12:03:53,628|Demande Ajout Cache articles
INFO|Portfolio.Log|2013-02-15 12:03:53,628|Cache : Ajout élément "articles"
INFO|Portfolio.Log|2013-02-15 12:03:53,629|Cache : élement "articles" -> mise à jour
DEBUG|Portfolio.Log|2013-02-15 12:03:53,630|Source file location: D:\dev\GitHub\portfolio\Posts
INFO|Portfolio.Log|2013-02-15 12:03:53,630|Processing file: D:\dev\GitHub\portfolio\Posts\2011-09-02-un-article-exemple.markdown.md
INFO|Portfolio.Log|2013-02-15 12:03:53,722|Processing file: D:\dev\GitHub\portfolio\Posts\2011-09-15.article1.md
INFO|Portfolio.Log|2013-02-15 12:03:53,725|Processing file: D:\dev\GitHub\portfolio\Posts\2011-09-16.article2.md
INFO|Portfolio.Log|2013-02-15 12:03:53,736|Cache : élement "articles" -> mise à jour terminée !
INFO|Portfolio.Log|2013-02-15 12:03:53,737|Cache : élement "articles_category_pouet" -> mise à jour terminée !
INFO|Portfolio.Log|2013-02-15 12:05:32,154|Starting website Portfolio...
DEBUG|Portfolio.Log|2013-02-15 12:05:32,251|Demande Ajout Cache articles
INFO|Portfolio.Log|2013-02-15 12:05:32,254|Cache : Ajout élément "articles"
INFO|Portfolio.Log|2013-02-15 12:05:32,255|Cache : élement "articles" -> mise à jour
DEBUG|Portfolio.Log|2013-02-15 12:05:32,257|Source file location: D:\dev\GitHub\portfolio\Posts
INFO|Portfolio.Log|2013-02-15 12:05:32,257|Processing file: D:\dev\GitHub\portfolio\Posts\2011-09-02-un-article-exemple.markdown.md
INFO|Portfolio.Log|2013-02-15 12:05:32,354|Processing file: D:\dev\GitHub\portfolio\Posts\2011-09-15.article1.md
INFO|Portfolio.Log|2013-02-15 12:05:32,358|Processing file: D:\dev\GitHub\portfolio\Posts\2011-09-16.article2.md
INFO|Portfolio.Log|2013-02-15 12:05:32,369|Cache : élement "articles" -> mise à jour terminée !
DEBUG|Portfolio.Log|2013-02-15 12:05:34,678|Demande Ajout Cache articles_category_jekyll
INFO|Portfolio.Log|2013-02-15 12:05:34,679|Cache : Ajout élément "articles_category_jekyll"
INFO|Portfolio.Log|2013-02-15 12:05:34,679|Cache : élement "articles_category_jekyll" -> mise à jour
INFO|Portfolio.Log|2013-02-15 12:05:34,680|Cache : élement "articles_category_jekyll" -> mise à jour terminée !
INFO|Portfolio.Log|2013-02-15 12:06:03,527|Starting website Portfolio...
DEBUG|Portfolio.Log|2013-02-15 12:06:03,627|Demande Ajout Cache articles
INFO|Portfolio.Log|2013-02-15 12:06:03,630|Cache : Ajout élément "articles"
INFO|Portfolio.Log|2013-02-15 12:06:03,631|Cache : élement "articles" -> mise à jour
DEBUG|Portfolio.Log|2013-02-15 12:06:03,633|Source file location: D:\dev\GitHub\portfolio\Posts
INFO|Portfolio.Log|2013-02-15 12:06:03,633|Processing file: D:\dev\GitHub\portfolio\Posts\2011-09-02-un-article-exemple.markdown.md
INFO|Portfolio.Log|2013-02-15 12:06:03,729|Processing file: D:\dev\GitHub\portfolio\Posts\2011-09-15.article1.md
INFO|Portfolio.Log|2013-02-15 12:06:03,732|Processing file: D:\dev\GitHub\portfolio\Posts\2011-09-16.article2.md
INFO|Portfolio.Log|2013-02-15 12:06:03,743|Cache : élement "articles" -> mise à jour terminée !
DEBUG|Portfolio.Log|2013-02-15 12:06:03,744|Demande Ajout Cache articles_category_jekyll
INFO|Portfolio.Log|2013-02-15 12:06:03,745|Cache : Ajout élément "articles_category_jekyll"
INFO|Portfolio.Log|2013-02-15 12:06:03,745|Cache : élement "articles_category_jekyll" -> mise à jour
INFO|Portfolio.Log|2013-02-15 12:06:03,745|Cache : élement "articles_category_jekyll" -> mise à jour terminée !
INFO|Portfolio.Log|2013-02-15 12:06:31,514|Starting website Portfolio...
DEBUG|Portfolio.Log|2013-02-15 12:06:31,633|Demande Ajout Cache articles
INFO|Portfolio.Log|2013-02-15 12:06:31,635|Cache : Ajout élément "articles"
INFO|Portfolio.Log|2013-02-15 12:06:31,637|Cache : élement "articles" -> mise à jour
DEBUG|Portfolio.Log|2013-02-15 12:06:31,638|Source file location: D:\dev\GitHub\portfolio\Posts
INFO|Portfolio.Log|2013-02-15 12:06:31,639|Processing file: D:\dev\GitHub\portfolio\Posts\2011-09-02-un-article-exemple.markdown.md
INFO|Portfolio.Log|2013-02-15 12:06:31,739|Processing file: D:\dev\GitHub\portfolio\Posts\2011-09-15.article1.md
INFO|Portfolio.Log|2013-02-15 12:06:31,742|Processing file: D:\dev\GitHub\portfolio\Posts\2011-09-16.article2.md
INFO|Portfolio.Log|2013-02-15 12:06:31,754|Cache : élement "articles" -> mise à jour terminée !
DEBUG|Portfolio.Log|2013-02-15 12:06:31,755|Demande Ajout Cache articles_category_jekyll
INFO|Portfolio.Log|2013-02-15 12:06:31,755|Cache : Ajout élément "articles_category_jekyll"
INFO|Portfolio.Log|2013-02-15 12:06:31,756|Cache : élement "articles_category_jekyll" -> mise à jour
INFO|Portfolio.Log|2013-02-15 12:06:31,756|Cache : élement "articles_category_jekyll" -> mise à jour terminée !
INFO|Portfolio.Log|2013-02-15 12:07:29,771|Starting website Portfolio...
DEBUG|Portfolio.Log|2013-02-15 12:07:29,876|Demande Ajout Cache articles
INFO|Portfolio.Log|2013-02-15 12:07:29,879|Cache : Ajout élément "articles"
INFO|Portfolio.Log|2013-02-15 12:07:29,881|Cache : élement "articles" -> mise à jour
DEBUG|Portfolio.Log|2013-02-15 12:07:29,882|Source file location: D:\dev\GitHub\portfolio\Posts
INFO|Portfolio.Log|2013-02-15 12:07:29,883|Processing file: D:\dev\GitHub\portfolio\Posts\2011-09-02-un-article-exemple.markdown.md
INFO|Portfolio.Log|2013-02-15 12:07:29,977|Processing file: D:\dev\GitHub\portfolio\Posts\2011-09-15.article1.md
INFO|Portfolio.Log|2013-02-15 12:07:29,981|Processing file: D:\dev\GitHub\portfolio\Posts\2011-09-16.article2.md
INFO|Portfolio.Log|2013-02-15 12:07:29,991|Cache : élement "articles" -> mise à jour terminée !
